\BOOKMARK [1][-]{section.1}{\376\377\000I\000n\000t\000r\000o\000d\000u\000c\000t\000i\000o\000n}{}% 1
\BOOKMARK [2][-]{subsection.1.1}{\376\377\000T\000h\000e\000\040\000M\000e\000a\000s\000u\000r\000e\000m\000e\000n\000t\000\040\000P\000r\000o\000b\000l\000e\000m\000\040\000a\000n\000d\000\040\000I\000n\000t\000e\000r\000p\000r\000e\000t\000a\000t\000i\000o\000n\000a\000l\000\040\000L\000a\000n\000d\000s\000c\000a\000p\000e}{section.1}% 2
\BOOKMARK [2][-]{subsection.1.2}{\376\377\000C\000o\000r\000e\000\040\000I\000n\000n\000o\000v\000a\000t\000i\000o\000n\000:\000\040\000I\000n\000t\000e\000r\000a\000c\000t\000i\000o\000n\000-\000R\000u\000l\000e\000\040\000D\000e\000t\000e\000r\000m\000i\000n\000i\000s\000m}{section.1}% 3
\BOOKMARK [2][-]{subsection.1.3}{\376\377\000C\000o\000n\000c\000e\000p\000t\000u\000a\000l\000\040\000F\000o\000u\000n\000d\000a\000t\000i\000o\000n\000s\000:\000\040\000I\000n\000f\000o\000r\000m\000a\000t\000i\000o\000n\000\040\000a\000n\000d\000\040\000C\000a\000u\000s\000a\000l\000i\000t\000y}{section.1}% 4
\BOOKMARK [2][-]{subsection.1.4}{\376\377\000T\000e\000r\000m\000i\000n\000o\000l\000o\000g\000y\000:\000\040\000T\000h\000r\000e\000e\000\040\000T\000y\000p\000e\000s\000\040\000o\000f\000\040\000L\000o\000c\000a\000l\000i\000t\000y}{section.1}% 5
\BOOKMARK [2][-]{subsection.1.5}{\376\377\000P\000a\000p\000e\000r\000\040\000S\000t\000r\000u\000c\000t\000u\000r\000e\000\040\000a\000n\000d\000\040\000S\000c\000o\000p\000e}{section.1}% 6
\BOOKMARK [2][-]{subsection.1.6}{\376\377\000N\000o\000t\000a\000t\000i\000o\000n\000\040\000G\000u\000i\000d\000e}{section.1}% 7
\BOOKMARK [1][-]{section.2}{\376\377\000T\000h\000e\000o\000r\000e\000t\000i\000c\000a\000l\000\040\000F\000r\000a\000m\000e\000w\000o\000r\000k}{}% 8
\BOOKMARK [2][-]{subsection.2.1}{\376\377\000O\000n\000t\000o\000l\000o\000g\000i\000c\000a\000l\000\040\000C\000o\000m\000m\000i\000t\000m\000e\000n\000t\000:\000\040\000W\000a\000v\000e\000f\000u\000n\000c\000t\000i\000o\000n\000\040\000R\000e\000a\000l\000i\000s\000m}{section.2}% 9
\BOOKMARK [2][-]{subsection.2.2}{\376\377\000O\000n\000t\000o\000l\000o\000g\000y\000\040\000a\000n\000d\000\040\000B\000a\000s\000i\000c\000\040\000P\000o\000s\000t\000u\000l\000a\000t\000e\000s}{section.2}% 10
\BOOKMARK [3][-]{subsubsection.2.2.1}{\376\377\000C\000l\000a\000s\000s\000i\000f\000i\000c\000a\000t\000i\000o\000n\000:\000\040\000A\000\040\000C\000o\000n\000t\000e\000x\000t\000u\000a\000l\000\040\000-\000O\000n\000t\000i\000c\000\040\000T\000h\000e\000o\000r\000y}{subsection.2.2}% 11
\BOOKMARK [3][-]{subsubsection.2.2.2}{\376\377\000R\000e\000l\000a\000t\000i\000o\000n\000\040\000t\000o\000\040\000N\000o\000-\000G\000o\000\040\000T\000h\000e\000o\000r\000e\000m\000s}{subsection.2.2}% 12
\BOOKMARK [3][-]{subsubsection.2.2.3}{\376\377\000D\000i\000s\000t\000i\000n\000c\000t\000i\000o\000n\000\040\000f\000r\000o\000m\000\040\000S\000u\000p\000e\000r\000d\000e\000t\000e\000r\000m\000i\000n\000i\000s\000m}{subsection.2.2}% 13
\BOOKMARK [2][-]{subsection.2.3}{\376\377\000D\000e\000f\000i\000n\000i\000n\000g\000\040\000K\000e\000y\000\040\000C\000o\000n\000c\000e\000p\000t\000s\000:\000\040\000S\000N\000R\000\040\000a\000n\000d\000\040\000R\000e\000s\000o\000n\000a\000n\000t\000\040\000A\000m\000p\000l\000i\000f\000i\000c\000a\000t\000i\000o\000n}{section.2}% 14
\BOOKMARK [2][-]{subsection.2.4}{\376\377\000T\000h\000e\000\040\000M\000a\000s\000t\000e\000r\000\040\000E\000q\000u\000a\000t\000i\000o\000n}{section.2}% 15
\BOOKMARK [3][-]{subsubsection.2.4.1}{\376\377\000E\000n\000s\000u\000r\000i\000n\000g\000\040\000N\000o\000-\000S\000i\000g\000n\000a\000l\000i\000n\000g\000\040\000C\000o\000n\000s\000i\000s\000t\000e\000n\000c\000y}{subsection.2.4}% 16
\BOOKMARK [2][-]{subsection.2.5}{\376\377\000N\000o\000-\000S\000i\000g\000n\000a\000l\000i\000n\000g\000\040\000T\000h\000e\000o\000r\000e\000m}{section.2}% 17
\BOOKMARK [3][-]{subsubsection.2.5.1}{\376\377\000E\000n\000e\000r\000g\000y\000\040\000C\000o\000n\000s\000e\000r\000v\000a\000t\000i\000o\000n\000:\000\040\000T\000h\000e\000\040\000E\000n\000e\000r\000g\000y\000-\000W\000o\000r\000k\000\040\000B\000a\000l\000a\000n\000c\000e}{subsection.2.5}% 18
\BOOKMARK [2][-]{subsection.2.6}{\376\377\000T\000h\000e\000\040\000I\000n\000f\000o\000r\000m\000a\000t\000i\000o\000n\000\040\000I\000n\000t\000e\000g\000r\000a\000t\000i\000o\000n\000\040\000F\000u\000n\000c\000t\000i\000o\000n\000a\000l}{section.2}% 19
\BOOKMARK [3][-]{subsubsection.2.6.1}{\376\377\000I\000n\000f\000o\000r\000m\000a\000t\000i\000o\000n\000\040\000a\000s\000\040\000P\000h\000y\000s\000i\000c\000a\000l\000\040\000D\000i\000s\000t\000i\000n\000g\000u\000i\000s\000h\000a\000b\000i\000l\000i\000t\000y}{subsection.2.6}% 20
\BOOKMARK [3][-]{subsubsection.2.6.2}{\376\377\000P\000h\000y\000s\000i\000c\000a\000l\000\040\000M\000e\000c\000h\000a\000n\000i\000s\000m\000:\000\040\000E\000n\000v\000i\000r\000o\000n\000m\000e\000n\000t\000-\000M\000e\000d\000i\000a\000t\000e\000d\000\040\000C\000o\000u\000p\000l\000i\000n\000g}{subsection.2.6}% 21
\BOOKMARK [3][-]{subsubsection.2.6.3}{\376\377\000C\000o\000v\000a\000r\000i\000a\000n\000t\000\040\000F\000o\000r\000m\000u\000l\000a\000t\000i\000o\000n\000\040\000o\000f\000\040\000I\000n\000f\000o\000r\000m\000a\000t\000i\000o\000n\000\040\000I\000n\000t\000e\000g\000r\000a\000t\000i\000o\000n}{subsection.2.6}% 22
\BOOKMARK [2][-]{subsection.2.7}{\376\377\000T\000h\000e\000\040\000C\000o\000l\000l\000a\000p\000s\000e\000\040\000T\000h\000r\000e\000s\000h\000o\000l\000d\000:\000\040\000D\000e\000r\000i\000v\000a\000t\000i\000o\000n\000\040\000f\000r\000o\000m\000\040\000R\000e\000d\000u\000n\000d\000a\000n\000c\000y}{section.2}% 23
\BOOKMARK [3][-]{subsubsection.2.7.1}{\376\377\000D\000e\000r\000i\000v\000a\000t\000i\000o\000n\000\040\000o\000f\000\040\000c\000r\000i\000t}{subsection.2.7}% 24
\BOOKMARK [3][-]{subsubsection.2.7.2}{\376\377\000F\000l\000u\000c\000t\000u\000a\000t\000i\000o\000n\000-\000D\000i\000s\000s\000i\000p\000a\000t\000i\000o\000n\000\040\000D\000e\000r\000i\000v\000a\000t\000i\000o\000n}{subsection.2.7}% 25
\BOOKMARK [3][-]{subsubsection.2.7.3}{\376\377\000R\000e\000d\000u\000n\000d\000a\000n\000c\000y\000\040\000D\000e\000r\000i\000v\000a\000t\000i\000o\000n\000\040\000\050\000Q\000u\000a\000n\000t\000u\000m\000\040\000D\000a\000r\000w\000i\000n\000i\000s\000m\000\051}{subsection.2.7}% 26
\BOOKMARK [3][-]{subsubsection.2.7.4}{\376\377\000U\000n\000i\000f\000i\000c\000a\000t\000i\000o\000n\000\040\000v\000i\000a\000\040\000L\000a\000n\000d\000a\000u\000e\000r\000'\000s\000\040\000P\000r\000i\000n\000c\000i\000p\000l\000e}{subsection.2.7}% 27
\BOOKMARK [3][-]{subsubsection.2.7.5}{\376\377\000B\000a\000s\000i\000s\000\040\000S\000e\000l\000e\000c\000t\000i\000o\000n\000\040\000M\000e\000c\000h\000a\000n\000i\000s\000m}{subsection.2.7}% 28
\BOOKMARK [3][-]{subsubsection.2.7.6}{\376\377\000T\000h\000r\000e\000s\000h\000o\000l\000d\000\040\000a\000s\000\040\000a\000\040\000P\000h\000a\000s\000e\000\040\000T\000r\000a\000n\000s\000i\000t\000i\000o\000n}{subsection.2.7}% 29
\BOOKMARK [3][-]{subsubsection.2.7.7}{\376\377\000R\000e\000s\000o\000l\000u\000t\000i\000o\000n\000\040\000o\000f\000\040\000W\000i\000g\000n\000e\000r\000'\000s\000\040\000F\000r\000i\000e\000n\000d}{subsection.2.7}% 30
\BOOKMARK [1][-]{section.3}{\376\377\000D\000e\000r\000i\000v\000a\000t\000i\000o\000n\000\040\000o\000f\000\040\000B\000o\000r\000n\000\040\000R\000u\000l\000e}{}% 31
\BOOKMARK [2][-]{subsection.3.1}{\376\377\000T\000h\000e\000\040\000T\000y\000p\000i\000c\000a\000l\000i\000t\000y\000\040\000F\000r\000a\000m\000e\000w\000o\000r\000k}{section.3}% 32
\BOOKMARK [3][-]{subsubsection.3.1.1}{\376\377\000P\000h\000y\000s\000i\000c\000a\000l\000\040\000J\000u\000s\000t\000i\000f\000i\000c\000a\000t\000i\000o\000n\000:\000\040\000I\000n\000f\000o\000r\000m\000a\000t\000i\000o\000n\000\040\000C\000u\000r\000r\000e\000n\000t\000\040\000D\000y\000n\000a\000m\000i\000c\000s}{subsection.3.1}% 33
\BOOKMARK [2][-]{subsection.3.2}{\376\377\000D\000e\000r\000i\000v\000a\000t\000i\000o\000n\000\040\000f\000r\000o\000m\000\040\000Q\000u\000a\000n\000t\000u\000m\000\040\000T\000y\000p\000i\000c\000a\000l\000i\000t\000y}{section.3}% 34
\BOOKMARK [3][-]{subsubsection.3.2.1}{\376\377\000P\000h\000y\000s\000i\000c\000a\000l\000\040\000J\000u\000s\000t\000i\000f\000i\000c\000a\000t\000i\000o\000n\000\040\000f\000o\000r\000\040\000H\000a\000a\000r\000\040\000M\000e\000a\000s\000u\000r\000e}{subsection.3.2}% 35
\BOOKMARK [3][-]{subsubsection.3.2.2}{\376\377\000M\000a\000t\000h\000e\000m\000a\000t\000i\000c\000a\000l\000\040\000D\000e\000r\000i\000v\000a\000t\000i\000o\000n\000:\000\040\000H\000a\000a\000r\000\040\000t\000o\000\040\000B\000e\000t\000a\000\040\000t\000o\000\040\000E\000x\000p\000o\000n\000e\000n\000t\000i\000a\000l}{subsection.3.2}% 36
\BOOKMARK [3][-]{subsubsection.3.2.3}{\376\377\000A\000d\000d\000i\000t\000i\000o\000n\000a\000l\000\040\000P\000h\000y\000s\000i\000c\000a\000l\000\040\000A\000r\000g\000u\000m\000e\000n\000t\000s}{subsection.3.2}% 37
\BOOKMARK [2][-]{subsection.3.3}{\376\377\000M\000a\000t\000h\000e\000m\000a\000t\000i\000c\000a\000l\000\040\000D\000e\000r\000i\000v\000a\000t\000i\000o\000n}{section.3}% 38
\BOOKMARK [2][-]{subsection.3.4}{\376\377\000N\000u\000m\000e\000r\000i\000c\000a\000l\000\040\000V\000e\000r\000i\000f\000i\000c\000a\000t\000i\000o\000n}{section.3}% 39
\BOOKMARK [2][-]{subsection.3.5}{\376\377\000S\000u\000m\000m\000a\000r\000y\000\040\000a\000n\000d\000\040\000I\000m\000p\000l\000i\000c\000a\000t\000i\000o\000n\000s}{section.3}% 40
\BOOKMARK [1][-]{section.4}{\376\377\000T\000o\000y\000\040\000M\000o\000d\000e\000l\000:\000\040\000E\000x\000p\000l\000i\000c\000i\000t\000\040\000N\000u\000m\000e\000r\000i\000c\000a\000l\000\040\000D\000e\000m\000o\000n\000s\000t\000r\000a\000t\000i\000o\000n}{}% 41
\BOOKMARK [2][-]{subsection.4.1}{\376\377\000M\000o\000d\000e\000l\000\040\000S\000p\000e\000c\000i\000f\000i\000c\000a\000t\000i\000o\000n}{section.4}% 42
\BOOKMARK [2][-]{subsection.4.2}{\376\377\000S\000i\000m\000u\000l\000a\000t\000i\000o\000n\000\040\000R\000e\000s\000u\000l\000t\000s}{section.4}% 43
\BOOKMARK [2][-]{subsection.4.3}{\376\377\000K\000e\000y\000\040\000O\000b\000s\000e\000r\000v\000a\000t\000i\000o\000n\000s}{section.4}% 44
\BOOKMARK [2][-]{subsection.4.4}{\376\377\000V\000e\000r\000i\000f\000i\000c\000a\000t\000i\000o\000n\000\040\000o\000f\000\040\000B\000e\000t\000a\000-\000t\000o\000-\000E\000x\000p\000o\000n\000e\000n\000t\000i\000a\000l\000\040\000C\000o\000n\000v\000e\000r\000g\000e\000n\000c\000e}{section.4}% 45
\BOOKMARK [3][-]{subsubsection.4.4.1}{\376\377\000T\000h\000e\000o\000r\000e\000t\000i\000c\000a\000l\000\040\000P\000r\000e\000d\000i\000c\000t\000i\000o\000n}{subsection.4.4}% 46
\BOOKMARK [3][-]{subsubsection.4.4.2}{\376\377\000N\000u\000m\000e\000r\000i\000c\000a\000l\000\040\000R\000e\000s\000u\000l\000t\000s}{subsection.4.4}% 47
\BOOKMARK [3][-]{subsubsection.4.4.3}{\376\377\000P\000h\000y\000s\000i\000c\000a\000l\000\040\000I\000n\000t\000e\000r\000p\000r\000e\000t\000a\000t\000i\000o\000n}{subsection.4.4}% 48
\BOOKMARK [3][-]{subsubsection.4.4.4}{\376\377\000E\000x\000p\000e\000r\000i\000m\000e\000n\000t\000a\000l\000\040\000I\000m\000p\000l\000i\000c\000a\000t\000i\000o\000n\000s}{subsection.4.4}% 49
\BOOKMARK [3][-]{subsubsection.4.4.5}{\376\377\000C\000l\000a\000s\000s\000\040\000A\0002\000:\000\040\000T\000h\000e\000\040\000M\000e\000s\000o\000s\000c\000o\000p\000i\000c\000\040\000B\000o\000r\000n\000\040\000R\000u\000l\000e\000\040\000T\000e\000s\000t}{subsection.4.4}% 50
\BOOKMARK [1][-]{section.5}{\376\377\000E\000x\000p\000e\000r\000i\000m\000e\000n\000t\000a\000l\000\040\000P\000r\000e\000d\000i\000c\000t\000i\000o\000n\000s\000\040\000a\000n\000d\000\040\000T\000e\000s\000t\000s}{}% 51
\BOOKMARK [2][-]{subsection.5.1}{\376\377\000C\000l\000a\000s\000s\000\040\000A\000:\000\040\000S\000q\000u\000e\000e\000z\000e\000d\000-\000A\000p\000p\000a\000r\000a\000t\000u\000s\000\040\000M\000e\000a\000s\000u\000r\000e\000m\000e\000n\000t\000s\000\040\000\050\000P\000r\000i\000m\000a\000r\000y\000\040\000T\000e\000s\000t\000\051}{section.5}% 52
\BOOKMARK [3][-]{subsubsection.5.1.1}{\376\377\000P\000h\000y\000s\000i\000c\000a\000l\000\040\000P\000r\000i\000n\000c\000i\000p\000l\000e}{subsection.5.1}% 53
\BOOKMARK [3][-]{subsubsection.5.1.2}{\376\377\000P\000r\000e\000d\000i\000c\000t\000e\000d\000\040\000E\000f\000f\000e\000c\000t\000:\000\040\000V\000a\000r\000i\000a\000n\000c\000e\000\040\000R\000e\000d\000u\000c\000t\000i\000o\000n\000\040\000v\000i\000a\000\040\000I\000n\000p\000u\000t\000-\000O\000u\000t\000p\000u\000t\000\040\000A\000n\000a\000l\000y\000s\000i\000s}{subsection.5.1}% 54
\BOOKMARK [3][-]{subsubsection.5.1.3}{\376\377\000P\000r\000o\000p\000o\000s\000e\000d\000\040\000P\000r\000o\000t\000o\000c\000o\000l}{subsection.5.1}% 55
\BOOKMARK [3][-]{subsubsection.5.1.4}{\376\377\000E\000x\000p\000e\000r\000i\000m\000e\000n\000t\000a\000l\000\040\000C\000h\000a\000l\000l\000e\000n\000g\000e\000s\000\040\000a\000n\000d\000\040\000F\000e\000a\000s\000i\000b\000i\000l\000i\000t\000y}{subsection.5.1}% 56
\BOOKMARK [3][-]{subsubsection.5.1.5}{\376\377\000S\000e\000n\000s\000i\000t\000i\000v\000i\000t\000y\000\040\000A\000n\000a\000l\000y\000s\000i\000s\000\040\000a\000n\000d\000\040\000D\000e\000t\000e\000c\000t\000i\000o\000n\000\040\000L\000i\000m\000i\000t\000s}{subsection.5.1}% 57
\BOOKMARK [2][-]{subsection.5.2}{\376\377\000C\000l\000a\000s\000s\000\040\000B\000:\000\040\000M\000e\000s\000o\000s\000c\000o\000p\000i\000c\000\040\000A\000p\000p\000a\000r\000a\000t\000u\000s\000\040\000T\000e\000s\000t}{section.5}% 58
\BOOKMARK [3][-]{subsubsection.5.2.1}{\376\377\000S\000y\000s\000t\000e\000m\000:\000\040\000T\000r\000a\000p\000p\000e\000d\000\040\000I\000o\000n\000\040\000C\000h\000a\000i\000n\000\040\000a\000s\000\040\000A\000p\000p\000a\000r\000a\000t\000u\000s}{subsection.5.2}% 59
\BOOKMARK [3][-]{subsubsection.5.2.2}{\376\377\000P\000r\000e\000d\000i\000c\000t\000e\000d\000\040\000D\000e\000v\000i\000a\000t\000i\000o\000n\000\040\000f\000r\000o\000m\000\040\000B\000o\000r\000n\000\040\000R\000u\000l\000e}{subsection.5.2}% 60
\BOOKMARK [3][-]{subsubsection.5.2.3}{\376\377\000E\000x\000p\000e\000r\000i\000m\000e\000n\000t\000a\000l\000\040\000P\000r\000o\000t\000o\000c\000o\000l}{subsection.5.2}% 61
\BOOKMARK [3][-]{subsubsection.5.2.4}{\376\377\000C\000o\000n\000t\000r\000o\000l\000\040\000E\000x\000p\000e\000r\000i\000m\000e\000n\000t\000s}{subsection.5.2}% 62
\BOOKMARK [3][-]{subsubsection.5.2.5}{\376\377\000F\000e\000a\000s\000i\000b\000i\000l\000i\000t\000y\000\040\000A\000s\000s\000e\000s\000s\000m\000e\000n\000t}{subsection.5.2}% 63
\BOOKMARK [2][-]{subsection.5.3}{\376\377\000C\000l\000a\000s\000s\000\040\000C\000:\000\040\000A\000p\000p\000a\000r\000a\000t\000u\000s\000\040\000E\000n\000g\000i\000n\000e\000e\000r\000i\000n\000g\000\040\000E\000x\000p\000e\000r\000i\000m\000e\000n\000t\000s}{section.5}% 64
\BOOKMARK [3][-]{subsubsection.5.3.1}{\376\377\000P\000e\000r\000i\000o\000d\000i\000c\000\040\000D\000e\000f\000e\000c\000t\000\040\000D\000e\000t\000e\000c\000t\000o\000r\000s}{subsection.5.3}% 65
\BOOKMARK [3][-]{subsubsection.5.3.2}{\376\377\000A\000p\000p\000a\000r\000a\000t\000u\000s\000\040\000C\000l\000o\000n\000i\000n\000g\000\040\000T\000e\000s\000t\000s}{subsection.5.3}% 66
\BOOKMARK [2][-]{subsection.5.4}{\376\377\000C\000l\000a\000s\000s\000\040\000D\000:\000\040\000T\000h\000e\000r\000m\000o\000d\000y\000n\000a\000m\000i\000c\000\040\000S\000i\000g\000n\000a\000t\000u\000r\000e\000s}{section.5}% 67
\BOOKMARK [3][-]{subsubsection.5.4.1}{\376\377\000D\000i\000f\000f\000e\000r\000e\000n\000t\000i\000a\000l\000\040\000H\000e\000a\000t\000\040\000D\000i\000s\000s\000i\000p\000a\000t\000i\000o\000n}{subsection.5.4}% 68
\BOOKMARK [2][-]{subsection.5.5}{\376\377\000C\000l\000a\000s\000s\000\040\000E\000:\000\040\000T\000h\000e\000\040\000A\000d\000v\000e\000r\000s\000a\000r\000i\000a\000l\000\040\000A\000p\000p\000a\000r\000a\000t\000u\000s}{section.5}% 69
\BOOKMARK [2][-]{subsection.5.6}{\376\377\000C\000o\000m\000p\000a\000r\000i\000s\000o\000n\000\040\000w\000i\000t\000h\000\040\000S\000t\000a\000n\000d\000a\000r\000d\000\040\000Q\000M}{section.5}% 70
\BOOKMARK [1][-]{section.6}{\376\377\000Q\000u\000a\000n\000t\000u\000m\000\040\000N\000o\000n\000-\000L\000o\000c\000a\000l\000i\000t\000y\000\040\000a\000n\000d\000\040\000t\000h\000e\000\040\000L\000i\000m\000i\000t\000s\000\040\000o\000f\000\040\000D\000e\000t\000e\000r\000m\000i\000n\000i\000s\000t\000i\000c\000\040\000C\000o\000m\000p\000l\000e\000t\000i\000o\000n\000s}{}% 71
\BOOKMARK [2][-]{subsection.6.1}{\376\377\000T\000h\000e\000\040\000F\000u\000n\000d\000a\000m\000e\000n\000t\000a\000l\000\040\000I\000n\000s\000i\000g\000h\000t\000:\000\040\000T\000h\000r\000e\000e\000\040\000N\000o\000t\000i\000o\000n\000s\000\040\000o\000f\000\040\000L\000o\000c\000a\000l\000i\000t\000y}{section.6}% 72
\BOOKMARK [2][-]{subsection.6.2}{\376\377\000B\000e\000l\000l\000'\000s\000\040\000T\000h\000e\000o\000r\000e\000m\000\040\000a\000n\000d\000\040\000P\000h\000y\000s\000i\000c\000a\000l\000-\000S\000p\000a\000c\000e\000\040\000L\000o\000c\000a\000l\000i\000t\000y}{section.6}% 73
\BOOKMARK [2][-]{subsection.6.3}{\376\377\000W\000a\000v\000e\000f\000u\000n\000c\000t\000i\000o\000n\000\040\000N\000o\000n\000-\000L\000o\000c\000a\000l\000i\000t\000y\000\040\000v\000s\000.\000\040\000A\000d\000d\000e\000d\000\040\000N\000o\000n\000-\000L\000o\000c\000a\000l\000i\000t\000y}{section.6}% 74
\BOOKMARK [2][-]{subsection.6.4}{\376\377\000T\000h\000e\000\040\000C\000o\000n\000f\000i\000g\000u\000r\000a\000t\000i\000o\000n\000-\000S\000p\000a\000c\000e\000\040\000P\000e\000r\000s\000p\000e\000c\000t\000i\000v\000e}{section.6}% 75
\BOOKMARK [2][-]{subsection.6.5}{\376\377\000P\000r\000e\000s\000e\000r\000v\000i\000n\000g\000\040\000M\000e\000a\000s\000u\000r\000e\000m\000e\000n\000t\000\040\000I\000n\000d\000e\000p\000e\000n\000d\000e\000n\000c\000e}{section.6}% 76
\BOOKMARK [2][-]{subsection.6.6}{\376\377\000S\000i\000g\000n\000a\000l\000i\000n\000g\000\040\000L\000o\000c\000a\000l\000i\000t\000y}{section.6}% 77
\BOOKMARK [2][-]{subsection.6.7}{\376\377\000A\000n\000\040\000I\000m\000p\000o\000s\000s\000i\000b\000i\000l\000i\000t\000y\000\040\000R\000e\000s\000u\000l\000t}{section.6}% 78
\BOOKMARK [2][-]{subsection.6.8}{\376\377\000W\000h\000y\000\040\000O\000u\000r\000\040\000T\000h\000e\000o\000r\000y\000\040\000I\000s\000\040\000N\000o\000t\000\040\000S\000u\000p\000e\000r\000d\000e\000t\000e\000r\000m\000i\000n\000i\000s\000t\000i\000c}{section.6}% 79
\BOOKMARK [2][-]{subsection.6.9}{\376\377\000P\000r\000e\000s\000e\000r\000v\000i\000n\000g\000\040\000S\000i\000g\000n\000a\000l\000i\000n\000g\000\040\000L\000o\000c\000a\000l\000i\000t\000y}{section.6}% 80
\BOOKMARK [2][-]{subsection.6.10}{\376\377\000A\000n\000\040\000I\000m\000p\000o\000s\000s\000i\000b\000i\000l\000i\000t\000y\000\040\000R\000e\000s\000u\000l\000t\000:\000\040\000M\000i\000n\000i\000m\000a\000l\000\040\000N\000o\000n\000-\000L\000o\000c\000a\000l\000i\000t\000y\000\040\000f\000o\000r\000\040\000D\000e\000t\000e\000r\000m\000i\000n\000i\000s\000t\000i\000c\000\040\000Q\000M}{section.6}% 81
\BOOKMARK [1][-]{section.7}{\376\377\000C\000o\000m\000p\000a\000r\000i\000s\000o\000n\000\040\000w\000i\000t\000h\000\040\000O\000t\000h\000e\000r\000\040\000I\000n\000t\000e\000r\000p\000r\000e\000t\000a\000t\000i\000o\000n\000s}{}% 82
\BOOKMARK [2][-]{subsection.7.1}{\376\377\000T\000h\000e\000\040\000D\000e\000t\000e\000r\000m\000i\000n\000i\000s\000t\000i\000c\000\040\000T\000r\000i\000l\000e\000m\000m\000a\000\040\000a\000n\000d\000\040\000M\000i\000n\000i\000m\000a\000l\000\040\000N\000o\000n\000-\000L\000o\000c\000a\000l\000i\000t\000y}{section.7}% 83
\BOOKMARK [2][-]{subsection.7.2}{\376\377\000C\000o\000p\000e\000n\000h\000a\000g\000e\000n\000\040\000I\000n\000t\000e\000r\000p\000r\000e\000t\000a\000t\000i\000o\000n}{section.7}% 84
\BOOKMARK [2][-]{subsection.7.3}{\376\377\000M\000a\000n\000y\000-\000W\000o\000r\000l\000d\000s\000\040\000I\000n\000t\000e\000r\000p\000r\000e\000t\000a\000t\000i\000o\000n\000\040\000\050\000E\000v\000e\000r\000e\000t\000t\000\051}{section.7}% 85
\BOOKMARK [2][-]{subsection.7.4}{\376\377\000B\000o\000h\000m\000i\000a\000n\000\040\000M\000e\000c\000h\000a\000n\000i\000c\000s}{section.7}% 86
\BOOKMARK [2][-]{subsection.7.5}{\376\377\000G\000R\000W\000\040\000a\000n\000d\000\040\000C\000S\000L\000\040\000\050\000S\000p\000o\000n\000t\000a\000n\000e\000o\000u\000s\000\040\000C\000o\000l\000l\000a\000p\000s\000e\000\040\000M\000o\000d\000e\000l\000s\000\051}{section.7}% 87
\BOOKMARK [2][-]{subsection.7.6}{\376\377\000Q\000u\000a\000n\000t\000u\000m\000\040\000D\000a\000r\000w\000i\000n\000i\000s\000m\000\040\000a\000n\000d\000\040\000D\000e\000c\000o\000h\000e\000r\000e\000n\000c\000e\000-\000B\000a\000s\000e\000d\000\040\000A\000p\000p\000r\000o\000a\000c\000h\000e\000s}{section.7}% 88
\BOOKMARK [2][-]{subsection.7.7}{\376\377\000R\000e\000l\000a\000t\000i\000o\000n\000a\000l\000\040\000Q\000u\000a\000n\000t\000u\000m\000\040\000M\000e\000c\000h\000a\000n\000i\000c\000s\000\040\000\050\000R\000Q\000M\000\051}{section.7}% 89
\BOOKMARK [2][-]{subsection.7.8}{\376\377\000C\000o\000m\000p\000a\000r\000a\000t\000i\000v\000e\000\040\000S\000u\000m\000m\000a\000r\000y}{section.7}% 90
\BOOKMARK [1][-]{section.8}{\376\377\000L\000i\000m\000i\000t\000a\000t\000i\000o\000n\000s\000\040\000a\000n\000d\000\040\000O\000p\000e\000n\000\040\000Q\000u\000e\000s\000t\000i\000o\000n\000s}{}% 91
\BOOKMARK [2][-]{subsection.8.1}{\376\377\000T\000h\000e\000o\000r\000e\000t\000i\000c\000a\000l\000\040\000L\000i\000m\000i\000t\000a\000t\000i\000o\000n\000s}{section.8}% 92
\BOOKMARK [2][-]{subsection.8.2}{\376\377\000M\000a\000t\000h\000e\000m\000a\000t\000i\000c\000a\000l\000\040\000G\000a\000p\000s}{section.8}% 93
\BOOKMARK [2][-]{subsection.8.3}{\376\377\000E\000x\000p\000e\000r\000i\000m\000e\000n\000t\000a\000l\000\040\000C\000h\000a\000l\000l\000e\000n\000g\000e\000s}{section.8}% 94
\BOOKMARK [2][-]{subsection.8.4}{\376\377\000F\000u\000t\000u\000r\000e\000\040\000D\000i\000r\000e\000c\000t\000i\000o\000n\000s}{section.8}% 95
\BOOKMARK [2][-]{subsection.8.5}{\376\377\000O\000p\000e\000n\000\040\000Q\000u\000e\000s\000t\000i\000o\000n\000s}{section.8}% 96
\BOOKMARK [3][-]{subsubsection.8.5.1}{\376\377\000B\000e\000l\000l\000'\000s\000\040\000T\000h\000e\000o\000r\000e\000m\000\040\000a\000n\000d\000\040\000N\000o\000n\000l\000o\000c\000a\000l\000i\000t\000y}{subsection.8.5}% 97
\BOOKMARK [3][-]{subsubsection.8.5.2}{\376\377\000Q\000u\000a\000n\000t\000u\000m\000\040\000F\000i\000e\000l\000d\000\040\000T\000h\000e\000o\000r\000y}{subsection.8.5}% 98
\BOOKMARK [3][-]{subsubsection.8.5.3}{\376\377\000P\000r\000e\000f\000e\000r\000r\000e\000d\000\040\000B\000a\000s\000i\000s\000\040\000P\000r\000o\000b\000l\000e\000m}{subsection.8.5}% 99
\BOOKMARK [3][-]{subsubsection.8.5.4}{\376\377\000T\000h\000r\000e\000s\000h\000o\000l\000d\000\040\000V\000a\000l\000u\000e\000\040\000D\000e\000t\000e\000r\000m\000i\000n\000a\000t\000i\000o\000n}{subsection.8.5}% 100
\BOOKMARK [2][-]{subsection.8.6}{\376\377\000P\000o\000t\000e\000n\000t\000i\000a\000l\000\040\000O\000b\000j\000e\000c\000t\000i\000o\000n\000s\000\040\000a\000n\000d\000\040\000R\000e\000s\000p\000o\000n\000s\000e\000s}{section.8}% 101
\BOOKMARK [2][-]{subsection.8.7}{\376\377\000P\000h\000i\000l\000o\000s\000o\000p\000h\000i\000c\000a\000l\000\040\000I\000m\000p\000l\000i\000c\000a\000t\000i\000o\000n\000s}{section.8}% 102
\BOOKMARK [2][-]{subsection.8.8}{\376\377\000F\000u\000t\000u\000r\000e\000\040\000D\000i\000r\000e\000c\000t\000i\000o\000n\000s}{section.8}% 103
\BOOKMARK [1][-]{section.9}{\376\377\000C\000o\000n\000c\000l\000u\000s\000i\000o\000n}{}% 104
\BOOKMARK [1][-]{appendix.A}{\376\377\000F\000u\000l\000l\000\040\000B\000o\000r\000n\000\040\000R\000u\000l\000e\000\040\000P\000r\000o\000o\000f}{}% 105
\BOOKMARK [2][-]{subsection.A.1}{\376\377\000O\000r\000d\000e\000r\000\040\000S\000t\000a\000t\000i\000s\000t\000i\000c\000s\000\040\000o\000f\000\040\000E\000x\000p\000o\000n\000e\000n\000t\000i\000a\000l\000\040\000R\000a\000n\000d\000o\000m\000\040\000V\000a\000r\000i\000a\000b\000l\000e\000s}{appendix.A}% 106
\BOOKMARK [2][-]{subsection.A.2}{\376\377\000A\000p\000p\000l\000i\000c\000a\000t\000i\000o\000n\000\040\000t\000o\000\040\000Q\000u\000a\000n\000t\000u\000m\000\040\000M\000e\000a\000s\000u\000r\000e\000m\000e\000n\000t}{appendix.A}% 107
\BOOKMARK [1][-]{appendix.B}{\376\377\000Q\000F\000T\000\040\000E\000x\000t\000e\000n\000s\000i\000o\000n\000\040\000\050\000P\000r\000e\000l\000i\000m\000i\000n\000a\000r\000y\000\040\000S\000k\000e\000t\000c\000h\000\051}{}% 108
\BOOKMARK [2][-]{subsection.B.1}{\376\377\000C\000o\000v\000a\000r\000i\000a\000n\000t\000\040\000I\000n\000f\000o\000r\000m\000a\000t\000i\000o\000n\000\040\000C\000u\000r\000r\000e\000n\000t\000s}{appendix.B}% 109
\BOOKMARK [2][-]{subsection.B.2}{\376\377\000R\000e\000n\000o\000r\000m\000a\000l\000i\000z\000a\000t\000i\000o\000n\000\040\000C\000h\000a\000l\000l\000e\000n\000g\000e\000s}{appendix.B}% 110
\BOOKMARK [2][-]{subsection.B.3}{\376\377\000P\000a\000r\000t\000i\000c\000l\000e\000\040\000C\000r\000e\000a\000t\000i\000o\000n}{appendix.B}% 111
\BOOKMARK [2][-]{subsection.B.4}{\376\377\000S\000c\000o\000p\000e\000\040\000a\000n\000d\000\040\000F\000u\000t\000u\000r\000e\000\040\000R\000e\000q\000u\000i\000r\000e\000m\000e\000n\000t\000s}{appendix.B}% 112
\BOOKMARK [1][-]{appendix.C}{\376\377\000N\000o\000-\000S\000i\000g\000n\000a\000l\000i\000n\000g\000\040\000P\000r\000o\000o\000f}{}% 113
\BOOKMARK [2][-]{subsection.C.1}{\376\377\000S\000e\000t\000u\000p}{appendix.C}% 114
\BOOKMARK [2][-]{subsection.C.2}{\376\377\000K\000e\000y\000\040\000O\000b\000s\000e\000r\000v\000a\000t\000i\000o\000n}{appendix.C}% 115
\BOOKMARK [2][-]{subsection.C.3}{\376\377\000F\000o\000r\000m\000a\000l\000\040\000P\000r\000o\000o\000f}{appendix.C}% 116
\BOOKMARK [2][-]{subsection.C.4}{\376\377\000P\000h\000y\000s\000i\000c\000a\000l\000\040\000I\000n\000t\000e\000r\000p\000r\000e\000t\000a\000t\000i\000o\000n}{appendix.C}% 117
\BOOKMARK [2][-]{subsection.C.5}{\376\377\000E\000n\000s\000e\000m\000b\000l\000e\000-\000A\000v\000e\000r\000a\000g\000i\000n\000g\000\040\000M\000e\000c\000h\000a\000n\000i\000s\000m}{appendix.C}% 118
\BOOKMARK [1][-]{appendix.D}{\376\377\000E\000n\000e\000r\000g\000y\000\040\000C\000o\000n\000s\000e\000r\000v\000a\000t\000i\000o\000n\000\040\000w\000i\000t\000h\000\040\000N\000o\000n\000l\000i\000n\000e\000a\000r\000\040\000C\000o\000l\000l\000a\000p\000s\000e}{}% 119
\BOOKMARK [2][-]{subsection.D.1}{\376\377\000T\000h\000e\000\040\000M\000a\000s\000t\000e\000r\000\040\000E\000q\000u\000a\000t\000i\000o\000n\000\040\000R\000e\000v\000i\000s\000i\000t\000e\000d}{appendix.D}% 120
\BOOKMARK [2][-]{subsection.D.2}{\376\377\000E\000n\000e\000r\000g\000y\000\040\000C\000h\000a\000n\000g\000e\000\040\000f\000r\000o\000m\000\040\000E\000a\000c\000h\000\040\000T\000e\000r\000m}{appendix.D}% 121
\BOOKMARK [2][-]{subsection.D.3}{\376\377\000E\000n\000s\000e\000m\000b\000l\000e\000\040\000v\000s\000.\000\040\000S\000i\000n\000g\000l\000e\000-\000R\000u\000n\000\040\000C\000o\000n\000s\000e\000r\000v\000a\000t\000i\000o\000n}{appendix.D}% 122
\BOOKMARK [2][-]{subsection.D.4}{\376\377\000E\000n\000e\000r\000g\000y\000\040\000C\000o\000n\000s\000e\000r\000v\000a\000t\000i\000o\000n\000\040\000i\000n\000\040\000R\000e\000a\000l\000i\000s\000t\000i\000c\000\040\000S\000c\000e\000n\000a\000r\000i\000o\000s}{appendix.D}% 123
\BOOKMARK [2][-]{subsection.D.5}{\376\377\000C\000o\000m\000p\000a\000r\000i\000s\000o\000n\000\040\000w\000i\000t\000h\000\040\000G\000R\000W\000/\000C\000S\000L}{appendix.D}% 124
\BOOKMARK [2][-]{subsection.D.6}{\376\377\000S\000u\000m\000m\000a\000r\000y}{appendix.D}% 125
\BOOKMARK [1][-]{appendix.E}{\376\377\000N\000u\000m\000e\000r\000i\000c\000a\000l\000\040\000S\000i\000m\000u\000l\000a\000t\000i\000o\000n\000\040\000C\000o\000d\000e}{}% 126
\BOOKMARK [2][-]{subsection.E.1}{\376\377\000C\000o\000m\000p\000l\000e\000t\000e\000\040\000I\000m\000p\000l\000e\000m\000e\000n\000t\000a\000t\000i\000o\000n}{appendix.E}% 127
\BOOKMARK [2][-]{subsection.E.2}{\376\377\000C\000o\000r\000e\000\040\000A\000l\000g\000o\000r\000i\000t\000h\000m}{appendix.E}% 128
\BOOKMARK [2][-]{subsection.E.3}{\376\377\000E\000x\000a\000m\000p\000l\000e\000:\000\040\000B\000a\000l\000a\000n\000c\000e\000d\000\040\000Q\000u\000b\000i\000t\000\040\000S\000u\000p\000e\000r\000p\000o\000s\000i\000t\000i\000o\000n}{appendix.E}% 129
\BOOKMARK [2][-]{subsection.E.4}{\376\377\000V\000e\000r\000i\000f\000i\000c\000a\000t\000i\000o\000n\000\040\000o\000f\000\040\000T\000h\000e\000o\000r\000e\000t\000i\000c\000a\000l\000\040\000P\000r\000e\000d\000i\000c\000t\000i\000o\000n\000s}{appendix.E}% 130
\BOOKMARK [2][-]{subsection.E.5}{\376\377\000R\000u\000n\000n\000i\000n\000g\000\040\000t\000h\000e\000\040\000S\000i\000m\000u\000l\000a\000t\000i\000o\000n}{appendix.E}% 131
\BOOKMARK [2][-]{subsection.E.6}{\376\377\000R\000e\000p\000r\000o\000d\000u\000c\000i\000b\000i\000l\000i\000t\000y\000\040\000a\000n\000d\000\040\000V\000a\000l\000i\000d\000a\000t\000i\000o\000n}{appendix.E}% 132
