This is pdfTeX, Version 3.141592653-2.6-1.40.25 (MiKTeX 24.1 Portable) (preloaded format=pdflatex 2025.12.9)  9 DEC 2025 15:33
entering extended mode
 restricted \write18 enabled.
 %&-line parsing enabled.
**./draft.tex
(draft.tex
LaTeX2e <2023-11-01> patch level 1
L3 programming layer <2024-01-04>

(C:\Users\Patrick\scoop\apps\miktex\current\texmfs\install\tex/latex/base\artic
le.cls
Document Class: article 2023/05/17 v1.4n Standard LaTeX document class

(C:\Users\Patrick\scoop\apps\miktex\current\texmfs\install\tex/latex/base\size1
1.clo
File: size11.clo 2023/05/17 v1.4n Standard LaTeX file (size option)
)
\c@part=\count187
\c@section=\count188
\c@subsection=\count189
\c@subsubsection=\count190
\c@paragraph=\count191
\c@subparagraph=\count192
\c@figure=\count193
\c@table=\count194
\abovecaptionskip=\skip48
\belowcaptionskip=\skip49
\bibindent=\dimen140
)
(C:\Users\Patrick\scoop\apps\miktex\current\texmfs\install\tex/latex/geometry\g
eometry.sty
Package: geometry 2020/01/02 v5.9 Page Geometry

(C:\Users\Patrick\scoop\apps\miktex\current\texmfs\install\tex/latex/graphics\k
eyval.sty
Package: keyval 2022/05/29 v1.15 key=value parser (DPC)
\KV@toks@=\toks17
)
(C:\Users\Patrick\scoop\apps\miktex\current\texmfs\install\tex/generic/iftex\if
vtex.sty
Package: ifvtex 2019/10/25 v1.7 ifvtex legacy package. Use iftex instead.

(C:\Users\Patrick\scoop\apps\miktex\current\texmfs\install\tex/generic/iftex\if
tex.sty
Package: iftex 2022/02/03 v1.0f TeX engine tests
))
\Gm@cnth=\count195
\Gm@cntv=\count196
\c@Gm@tempcnt=\count197
\Gm@bindingoffset=\dimen141
\Gm@wd@mp=\dimen142
\Gm@odd@mp=\dimen143
\Gm@even@mp=\dimen144
\Gm@layoutwidth=\dimen145
\Gm@layoutheight=\dimen146
\Gm@layouthoffset=\dimen147
\Gm@layoutvoffset=\dimen148
\Gm@dimlist=\toks18

(C:\Users\Patrick\scoop\apps\miktex\current\texmfs\install\tex/latex/geometry\g
eometry.cfg))
(C:\Users\Patrick\scoop\apps\miktex\current\texmfs\install\tex/latex/base\input
enc.sty
Package: inputenc 2021/02/14 v1.3d Input encoding file
\inpenc@prehook=\toks19
\inpenc@posthook=\toks20
)
(C:\Users\Patrick\scoop\apps\miktex\current\texmfs\install\tex/latex/amsmath\am
smath.sty
Package: amsmath 2023/05/13 v2.17o AMS math features
\@mathmargin=\skip50

For additional information on amsmath, use the `?' option.

(C:\Users\Patrick\scoop\apps\miktex\current\texmfs\install\tex/latex/amsmath\am
stext.sty
Package: amstext 2021/08/26 v2.01 AMS text

(C:\Users\Patrick\scoop\apps\miktex\current\texmfs\install\tex/latex/amsmath\am
sgen.sty
File: amsgen.sty 1999/11/30 v2.0 generic functions
\@emptytoks=\toks21
\ex@=\dimen149
))
(C:\Users\Patrick\scoop\apps\miktex\current\texmfs\install\tex/latex/amsmath\am
sbsy.sty
Package: amsbsy 1999/11/29 v1.2d Bold Symbols
\pmbraise@=\dimen150
)
(C:\Users\Patrick\scoop\apps\miktex\current\texmfs\install\tex/latex/amsmath\am
sopn.sty
Package: amsopn 2022/04/08 v2.04 operator names
)
\inf@bad=\count198
LaTeX Info: Redefining \frac on input line 234.
\uproot@=\count199
\leftroot@=\count266
LaTeX Info: Redefining \overline on input line 399.
LaTeX Info: Redefining \colon on input line 410.
\classnum@=\count267
\DOTSCASE@=\count268
LaTeX Info: Redefining \ldots on input line 496.
LaTeX Info: Redefining \dots on input line 499.
LaTeX Info: Redefining \cdots on input line 620.
\Mathstrutbox@=\box51
\strutbox@=\box52
LaTeX Info: Redefining \big on input line 722.
LaTeX Info: Redefining \Big on input line 723.
LaTeX Info: Redefining \bigg on input line 724.
LaTeX Info: Redefining \Bigg on input line 725.
\big@size=\dimen151
LaTeX Font Info:    Redeclaring font encoding OML on input line 743.
LaTeX Font Info:    Redeclaring font encoding OMS on input line 744.
\macc@depth=\count269
LaTeX Info: Redefining \bmod on input line 905.
LaTeX Info: Redefining \pmod on input line 910.
LaTeX Info: Redefining \smash on input line 940.
LaTeX Info: Redefining \relbar on input line 970.
LaTeX Info: Redefining \Relbar on input line 971.
\c@MaxMatrixCols=\count270
\dotsspace@=\muskip16
\c@parentequation=\count271
\dspbrk@lvl=\count272
\tag@help=\toks22
\row@=\count273
\column@=\count274
\maxfields@=\count275
\andhelp@=\toks23
\eqnshift@=\dimen152
\alignsep@=\dimen153
\tagshift@=\dimen154
\tagwidth@=\dimen155
\totwidth@=\dimen156
\lineht@=\dimen157
\@envbody=\toks24
\multlinegap=\skip51
\multlinetaggap=\skip52
\mathdisplay@stack=\toks25
LaTeX Info: Redefining \[ on input line 2953.
LaTeX Info: Redefining \] on input line 2954.
)
(C:\Users\Patrick\scoop\apps\miktex\current\texmfs\install\tex/latex/amsfonts\a
mssymb.sty
Package: amssymb 2013/01/14 v3.01 AMS font symbols

(C:\Users\Patrick\scoop\apps\miktex\current\texmfs\install\tex/latex/amsfonts\a
msfonts.sty
Package: amsfonts 2013/01/14 v3.01 Basic AMSFonts support
\symAMSa=\mathgroup4
\symAMSb=\mathgroup5
LaTeX Font Info:    Redeclaring math symbol \hbar on input line 98.
LaTeX Font Info:    Overwriting math alphabet `\mathfrak' in version `bold'
(Font)                  U/euf/m/n --> U/euf/b/n on input line 106.
))
(C:\Users\Patrick\scoop\apps\miktex\current\texmfs\install\tex/latex/amscls\ams
thm.sty
Package: amsthm 2020/05/29 v2.20.6
\thm@style=\toks26
\thm@bodyfont=\toks27
\thm@headfont=\toks28
\thm@notefont=\toks29
\thm@headpunct=\toks30
\thm@preskip=\skip53
\thm@postskip=\skip54
\thm@headsep=\skip55
\dth@everypar=\toks31
)
(C:\Users\Patrick\scoop\apps\miktex\current\texmfs\install\tex/latex/physics\ph
ysics.sty
Package: physics 

(C:\Users\Patrick\scoop\apps\miktex\current\texmfs\install\tex/latex/l3packages
/xparse\xparse.sty
(C:\Users\Patrick\scoop\apps\miktex\current\texmfs\install\tex/latex/l3kernel\e
xpl3.sty
Package: expl3 2024-01-04 L3 programming layer (loader) 

(C:\Users\Patrick\scoop\apps\miktex\current\texmfs\install\tex/latex/l3backend\
l3backend-pdftex.def
File: l3backend-pdftex.def 2024-01-04 L3 backend support: PDF output (pdfTeX)
\l__color_backend_stack_int=\count276
\l__pdf_internal_box=\box53
))
Package: xparse 2023-10-10 L3 Experimental document command parser
))
(C:\Users\Patrick\scoop\apps\miktex\current\texmfs\install\tex/latex/graphics\g
raphicx.sty
Package: graphicx 2021/09/16 v1.2d Enhanced LaTeX Graphics (DPC,SPQR)

(C:\Users\Patrick\scoop\apps\miktex\current\texmfs\install\tex/latex/graphics\g
raphics.sty
Package: graphics 2022/03/10 v1.4e Standard LaTeX Graphics (DPC,SPQR)

(C:\Users\Patrick\scoop\apps\miktex\current\texmfs\install\tex/latex/graphics\t
rig.sty
Package: trig 2021/08/11 v1.11 sin cos tan (DPC)
)
(C:\Users\Patrick\scoop\apps\miktex\current\texmfs\install\tex/latex/graphics-c
fg\graphics.cfg
File: graphics.cfg 2016/06/04 v1.11 sample graphics configuration
)
Package graphics Info: Driver file: pdftex.def on input line 107.

(C:\Users\Patrick\scoop\apps\miktex\current\texmfs\install\tex/latex/graphics-d
ef\pdftex.def
File: pdftex.def 2022/09/22 v1.2b Graphics/color driver for pdftex
))
\Gin@req@height=\dimen158
\Gin@req@width=\dimen159
)
(C:\Users\Patrick\scoop\apps\miktex\current\texmfs\install\tex/latex/hyperref\h
yperref.sty
Package: hyperref 2023-11-26 v7.01g Hypertext links for LaTeX

(C:\Users\Patrick\scoop\apps\miktex\current\texmfs\install\tex/generic/infwarer
r\infwarerr.sty
Package: infwarerr 2019/12/03 v1.5 Providing info/warning/error messages (HO)
)
(C:\Users\Patrick\scoop\apps\miktex\current\texmfs\install\tex/latex/kvsetkeys\
kvsetkeys.sty
Package: kvsetkeys 2022-10-05 v1.19 Key value parser (HO)
)
(C:\Users\Patrick\scoop\apps\miktex\current\texmfs\install\tex/generic/kvdefine
keys\kvdefinekeys.sty
Package: kvdefinekeys 2019-12-19 v1.6 Define keys (HO)
)
(C:\Users\Patrick\scoop\apps\miktex\current\texmfs\install\tex/generic/pdfescap
e\pdfescape.sty
Package: pdfescape 2019/12/09 v1.15 Implements pdfTeX's escape features (HO)

(C:\Users\Patrick\scoop\apps\miktex\current\texmfs\install\tex/generic/ltxcmds\
ltxcmds.sty
Package: ltxcmds 2023-12-04 v1.26 LaTeX kernel commands for general use (HO)
)
(C:\Users\Patrick\scoop\apps\miktex\current\texmfs\install\tex/generic/pdftexcm
ds\pdftexcmds.sty
Package: pdftexcmds 2020-06-27 v0.33 Utility functions of pdfTeX for LuaTeX (HO
)
Package pdftexcmds Info: \pdf@primitive is available.
Package pdftexcmds Info: \pdf@ifprimitive is available.
Package pdftexcmds Info: \pdfdraftmode found.
))
(C:\Users\Patrick\scoop\apps\miktex\current\texmfs\install\tex/latex/hycolor\hy
color.sty
Package: hycolor 2020-01-27 v1.10 Color options for hyperref/bookmark (HO)
)
(C:\Users\Patrick\scoop\apps\miktex\current\texmfs\install\tex/latex/letltxmacr
o\letltxmacro.sty
Package: letltxmacro 2019/12/03 v1.6 Let assignment for LaTeX macros (HO)
)
(C:\Users\Patrick\scoop\apps\miktex\current\texmfs\install\tex/latex/auxhook\au
xhook.sty
Package: auxhook 2019-12-17 v1.6 Hooks for auxiliary files (HO)
)
(C:\Users\Patrick\scoop\apps\miktex\current\texmfs\install\tex/latex/hyperref\n
ameref.sty
Package: nameref 2023-11-26 v2.56 Cross-referencing by name of section

(C:\Users\Patrick\scoop\apps\miktex\current\texmfs\install\tex/latex/refcount\r
efcount.sty
Package: refcount 2019/12/15 v3.6 Data extraction from label references (HO)
)
(C:\Users\Patrick\scoop\apps\miktex\current\texmfs\install\tex/generic/gettitle
string\gettitlestring.sty
Package: gettitlestring 2019/12/15 v1.6 Cleanup title references (HO)

(C:\Users\Patrick\scoop\apps\miktex\current\texmfs\install\tex/latex/kvoptions\
kvoptions.sty
Package: kvoptions 2022-06-15 v3.15 Key value format for package options (HO)
))
\c@section@level=\count277
)
(C:\Users\Patrick\scoop\apps\miktex\current\texmfs\install\tex/latex/etoolbox\e
toolbox.sty
Package: etoolbox 2020/10/05 v2.5k e-TeX tools for LaTeX (JAW)
\etb@tempcnta=\count278
)
\@linkdim=\dimen160
\Hy@linkcounter=\count279
\Hy@pagecounter=\count280

(C:\Users\Patrick\scoop\apps\miktex\current\texmfs\install\tex/latex/hyperref\p
d1enc.def
File: pd1enc.def 2023-11-26 v7.01g Hyperref: PDFDocEncoding definition (HO)
Now handling font encoding PD1 ...
... no UTF-8 mapping file for font encoding PD1
)
(C:\Users\Patrick\scoop\apps\miktex\current\texmfs\install\tex/generic/intcalc\
intcalc.sty
Package: intcalc 2019/12/15 v1.3 Expandable calculations with integers (HO)
)
\Hy@SavedSpaceFactor=\count281

(C:\Users\Patrick\scoop\apps\miktex\current\texmfs\install\tex/latex/hyperref\p
uenc.def
File: puenc.def 2023-11-26 v7.01g Hyperref: PDF Unicode definition (HO)
Now handling font encoding PU ...
... no UTF-8 mapping file for font encoding PU
)
Package hyperref Info: Option `colorlinks' set `false' on input line 4064.
Package hyperref Info: Hyper figures OFF on input line 4181.
Package hyperref Info: Link nesting OFF on input line 4186.
Package hyperref Info: Hyper index ON on input line 4189.
Package hyperref Info: Plain pages OFF on input line 4196.
Package hyperref Info: Backreferencing OFF on input line 4201.
Package hyperref Info: Implicit mode ON; LaTeX internals redefined.
Package hyperref Info: Bookmarks ON on input line 4448.
\c@Hy@tempcnt=\count282

(C:\Users\Patrick\scoop\apps\miktex\current\texmfs\install\tex/latex/url\url.st
y
\Urlmuskip=\muskip17
Package: url 2013/09/16  ver 3.4  Verb mode for urls, etc.
)
LaTeX Info: Redefining \url on input line 4786.
\XeTeXLinkMargin=\dimen161

(C:\Users\Patrick\scoop\apps\miktex\current\texmfs\install\tex/generic/bitset\b
itset.sty
Package: bitset 2019/12/09 v1.3 Handle bit-vector datatype (HO)

(C:\Users\Patrick\scoop\apps\miktex\current\texmfs\install\tex/generic/bigintca
lc\bigintcalc.sty
Package: bigintcalc 2019/12/15 v1.5 Expandable calculations on big integers (HO
)
))
\Fld@menulength=\count283
\Field@Width=\dimen162
\Fld@charsize=\dimen163
Package hyperref Info: Hyper figures OFF on input line 6065.
Package hyperref Info: Link nesting OFF on input line 6070.
Package hyperref Info: Hyper index ON on input line 6073.
Package hyperref Info: backreferencing OFF on input line 6080.
Package hyperref Info: Link coloring OFF on input line 6085.
Package hyperref Info: Link coloring with OCG OFF on input line 6090.
Package hyperref Info: PDF/A mode OFF on input line 6095.

(C:\Users\Patrick\scoop\apps\miktex\current\texmfs\install\tex/latex/base\atbeg
shi-ltx.sty
Package: atbegshi-ltx 2021/01/10 v1.0c Emulation of the original atbegshi
package with kernel methods
)
\Hy@abspage=\count284
\c@Item=\count285
\c@Hfootnote=\count286
)
Package hyperref Info: Driver (autodetected): hpdftex.

(C:\Users\Patrick\scoop\apps\miktex\current\texmfs\install\tex/latex/hyperref\h
pdftex.def
File: hpdftex.def 2023-11-26 v7.01g Hyperref driver for pdfTeX

(C:\Users\Patrick\scoop\apps\miktex\current\texmfs\install\tex/latex/base\atver
yend-ltx.sty
Package: atveryend-ltx 2020/08/19 v1.0a Emulation of the original atveryend pac
kage
with kernel methods
)
\Fld@listcount=\count287
\c@bookmark@seq@number=\count288

(C:\Users\Patrick\scoop\apps\miktex\current\texmfs\install\tex/latex/rerunfilec
heck\rerunfilecheck.sty
Package: rerunfilecheck 2025-06-21 v1.11 Rerun checks for auxiliary files (HO)

(C:\Users\Patrick\scoop\apps\miktex\current\texmfs\install\tex/generic/uniqueco
unter\uniquecounter.sty
Package: uniquecounter 2019/12/15 v1.4 Provide unlimited unique counter (HO)
)
Package uniquecounter Info: New unique counter `rerunfilecheck' on input line 2
84.
)
\Hy@SectionHShift=\skip56
)
(C:\Users\Patrick\scoop\apps\miktex\current\texmfs\install\tex/latex/cleveref\c
leveref.sty
Package: cleveref 2018/03/27 v0.21.4 Intelligent cross-referencing
Package cleveref Info: `hyperref' support loaded on input line 2370.
LaTeX Info: Redefining \cref on input line 2370.
LaTeX Info: Redefining \Cref on input line 2370.
LaTeX Info: Redefining \crefrange on input line 2370.
LaTeX Info: Redefining \Crefrange on input line 2370.
LaTeX Info: Redefining \cpageref on input line 2370.
LaTeX Info: Redefining \Cpageref on input line 2370.
LaTeX Info: Redefining \cpagerefrange on input line 2370.
LaTeX Info: Redefining \Cpagerefrange on input line 2370.
LaTeX Info: Redefining \labelcref on input line 2370.
LaTeX Info: Redefining \labelcpageref on input line 2370.
Package cleveref Info: `amsthm' support loaded on input line 3026.
)
(C:\Users\Patrick\scoop\apps\miktex\current\texmfs\install\tex/latex/booktabs\b
ooktabs.sty
Package: booktabs 2020/01/12 v1.61803398 Publication quality tables
\heavyrulewidth=\dimen164
\lightrulewidth=\dimen165
\cmidrulewidth=\dimen166
\belowrulesep=\dimen167
\belowbottomsep=\dimen168
\aboverulesep=\dimen169
\abovetopsep=\dimen170
\cmidrulesep=\dimen171
\cmidrulekern=\dimen172
\defaultaddspace=\dimen173
\@cmidla=\count289
\@cmidlb=\count290
\@aboverulesep=\dimen174
\@belowrulesep=\dimen175
\@thisruleclass=\count291
\@lastruleclass=\count292
\@thisrulewidth=\dimen176
)
(C:\Users\Patrick\scoop\apps\miktex\current\texmfs\install\tex/latex/xcolor\xco
lor.sty
Package: xcolor 2023/11/15 v3.01 LaTeX color extensions (UK)

(C:\Users\Patrick\scoop\apps\miktex\current\texmfs\install\tex/latex/graphics-c
fg\color.cfg
File: color.cfg 2016/01/02 v1.6 sample color configuration
)
Package xcolor Info: Driver file: pdftex.def on input line 274.

(C:\Users\Patrick\scoop\apps\miktex\current\texmfs\install\tex/latex/graphics\m
athcolor.ltx)
Package xcolor Info: Model `cmy' substituted by `cmy0' on input line 1350.
Package xcolor Info: Model `hsb' substituted by `rgb' on input line 1354.
Package xcolor Info: Model `RGB' extended on input line 1366.
Package xcolor Info: Model `HTML' substituted by `rgb' on input line 1368.
Package xcolor Info: Model `Hsb' substituted by `hsb' on input line 1369.
Package xcolor Info: Model `tHsb' substituted by `hsb' on input line 1370.
Package xcolor Info: Model `HSB' substituted by `hsb' on input line 1371.
Package xcolor Info: Model `Gray' substituted by `gray' on input line 1372.
Package xcolor Info: Model `wave' substituted by `hsb' on input line 1373.
)
(C:\Users\Patrick\scoop\apps\miktex\current\texmfs\install\tex/latex/colortbl\c
olortbl.sty
Package: colortbl 2024/10/29 v1.0k Color table columns (DPC)

(C:\Users\Patrick\scoop\apps\miktex\current\texmfs\install\tex/latex/tools\arra
y.sty
Package: array 2023/10/16 v2.5g Tabular extension package (FMi)
\col@sep=\dimen177
\ar@mcellbox=\box54
\extrarowheight=\dimen178
\NC@list=\toks32
\extratabsurround=\skip57
\backup@length=\skip58
\ar@cellbox=\box55
)
\everycr=\toks33
\minrowclearance=\skip59
\rownum=\count293
)
\c@theorem=\count294
 (draft.aux)
\openout1 = `draft.aux'.

LaTeX Font Info:    Checking defaults for OML/cmm/m/it on input line 32.
LaTeX Font Info:    ... okay on input line 32.
LaTeX Font Info:    Checking defaults for OMS/cmsy/m/n on input line 32.
LaTeX Font Info:    ... okay on input line 32.
LaTeX Font Info:    Checking defaults for OT1/cmr/m/n on input line 32.
LaTeX Font Info:    ... okay on input line 32.
LaTeX Font Info:    Checking defaults for T1/cmr/m/n on input line 32.
LaTeX Font Info:    ... okay on input line 32.
LaTeX Font Info:    Checking defaults for TS1/cmr/m/n on input line 32.
LaTeX Font Info:    ... okay on input line 32.
LaTeX Font Info:    Checking defaults for OMX/cmex/m/n on input line 32.
LaTeX Font Info:    ... okay on input line 32.
LaTeX Font Info:    Checking defaults for U/cmr/m/n on input line 32.
LaTeX Font Info:    ... okay on input line 32.
LaTeX Font Info:    Checking defaults for PD1/pdf/m/n on input line 32.
LaTeX Font Info:    ... okay on input line 32.
LaTeX Font Info:    Checking defaults for PU/pdf/m/n on input line 32.
LaTeX Font Info:    ... okay on input line 32.

*geometry* driver: auto-detecting
*geometry* detected driver: pdftex
*geometry* verbose mode - [ preamble ] result:
* driver: pdftex
* paper: <default>
* layout: <same size as paper>
* layoutoffset:(h,v)=(0.0pt,0.0pt)
* modes: 
* h-part:(L,W,R)=(72.26999pt, 469.75502pt, 72.26999pt)
* v-part:(T,H,B)=(72.26999pt, 650.43001pt, 72.26999pt)
* \paperwidth=614.295pt
* \paperheight=794.96999pt
* \textwidth=469.75502pt
* \textheight=650.43001pt
* \oddsidemargin=0.0pt
* \evensidemargin=0.0pt
* \topmargin=-37.0pt
* \headheight=12.0pt
* \headsep=25.0pt
* \topskip=11.0pt
* \footskip=30.0pt
* \marginparwidth=59.0pt
* \marginparsep=10.0pt
* \columnsep=10.0pt
* \skip\footins=10.0pt plus 4.0pt minus 2.0pt
* \hoffset=0.0pt
* \voffset=0.0pt
* \mag=1000
* \@twocolumnfalse
* \@twosidefalse
* \@mparswitchfalse
* \@reversemarginfalse
* (1in=72.27pt=25.4mm, 1cm=28.453pt)


(C:\Users\Patrick\scoop\apps\miktex\current\texmfs\install\tex/context/base/mki
i\supp-pdf.mkii
[Loading MPS to PDF converter (version 2006.09.02).]
\scratchcounter=\count295
\scratchdimen=\dimen179
\scratchbox=\box56
\nofMPsegments=\count296
\nofMParguments=\count297
\everyMPshowfont=\toks34
\MPscratchCnt=\count298
\MPscratchDim=\dimen180
\MPnumerator=\count299
\makeMPintoPDFobject=\count300
\everyMPtoPDFconversion=\toks35
)
(C:\Users\Patrick\scoop\apps\miktex\current\texmfs\install\tex/latex/epstopdf-p
kg\epstopdf-base.sty
Package: epstopdf-base 2020-01-24 v2.11 Base part for package epstopdf
Package epstopdf-base Info: Redefining graphics rule for `.eps' on input line 4
85.

(C:\Users\Patrick\scoop\apps\miktex\current\texmfs\install\tex/latex/00miktex\e
pstopdf-sys.cfg
File: epstopdf-sys.cfg 2021/03/18 v2.0 Configuration of epstopdf for MiKTeX
))
Package hyperref Info: Link coloring OFF on input line 32.
 (draft.out) (draft.out)
\@outlinefile=\write3
\openout3 = `draft.out'.

LaTeX Font Info:    Trying to load font information for U+msa on input line 34.


(C:\Users\Patrick\scoop\apps\miktex\current\texmfs\install\tex/latex/amsfonts\u
msa.fd
File: umsa.fd 2013/01/14 v3.01 AMS symbols A
)
LaTeX Font Info:    Trying to load font information for U+msb on input line 34.


(C:\Users\Patrick\scoop\apps\miktex\current\texmfs\install\tex/latex/amsfonts\u
msb.fd
File: umsb.fd 2013/01/14 v3.01 AMS symbols B
) [1

{C:/Users/Patrick/scoop/apps/miktex/current/texmfs/data/fonts/map/pdftex/pdftex
.map}] [2]
Overfull \hbox (7.84514pt too wide) in paragraph at lines 99--100
[]\OT1/cmr/m/n/10.95 We es-tab-lish an im-pos-si-bil-ity re-sult: Any the-ory t
hat is De-ter-min-is-tic, Measurement-Independent,
 []

[3]
Overfull \hbox (2.98146pt too wide) in paragraph at lines 126--127
\OT1/cmr/m/n/10.95 This pa-per pro-vides a com-plete math-e-mat-i-cal for-mal-i
sm for this the-ory of De-ter-min-is-tic Information-
 []

[4] [5]

Package hyperref Warning: Token not allowed in a PDF string (Unicode):
(hyperref)                removing `math shift' on input line 185.


Package hyperref Warning: Token not allowed in a PDF string (Unicode):
(hyperref)                removing `\psi' on input line 185.


Package hyperref Warning: Token not allowed in a PDF string (Unicode):
(hyperref)                removing `math shift' on input line 185.


Overfull \hbox (9.1199pt too wide) in paragraph at lines 200--213
 [][] 
 []

[6] [7]
Overfull \hbox (23.98949pt too wide) in paragraph at lines 262--263
[]\OT1/cmr/m/n/10.95 Signal-to-Noise Ra-tio (SNR): The ap-pa-ra-tus max-i-mizes
 $\OML/cmm/m/it/10.95 SNR \OT1/cmr/m/n/10.95 = [] \OMS/cmsy/m/n/10.95 ^^Y []$\O
T1/cmr/m/n/10.95 .
 []


Overfull \hbox (7.38889pt too wide) in paragraph at lines 277--278
[]\OT1/cmr/m/n/10.95 where the col-lapse func-tional de-pends strictly on the l
o-cal re-duced den-sity ma-trix $\OML/cmm/m/it/10.95 ^^Z[] \OT1/cmr/m/n/10.95 =
 [][](\OML/cmm/m/it/10.95 ^^Z\OT1/cmr/m/n/10.95 )$: 
 []

[8] [9] [10] [11]
Overfull \hbox (18.61467pt too wide) in paragraph at lines 394--395
[]\OT1/cmr/bx/n/10.95 Corollary 2.2 \OT1/cmr/m/n/10.95 (Gis-in-Polchin-ski Con-
straint)\OT1/cmr/bx/n/10.95 . []\OT1/cmr/m/it/10.95 While in-di-vid-ual tra-jec
-to-ries are non-lin-ear, the ensemble-
 []

[12]
Overfull \hbox (2.67865pt too wide) in paragraph at lines 461--462
\OT1/cmr/m/n/10.95 branches. Con-sider a Stern-Gerlach mea-sure-ment where the 
sys-tem Hamil-to-nian is $[] = \OMS/cmsy/m/n/10.95 ^^@\OML/cmm/m/it/10.95 ^^V^^
[[]B\OT1/cmr/m/n/10.95 (\OML/cmm/m/it/10.95 z\OT1/cmr/m/n/10.95 )$.
 []

[13]

Package hyperref Warning: Token not allowed in a PDF string (Unicode):
(hyperref)                removing `math shift' on input line 505.


Package hyperref Warning: Token not allowed in a PDF string (Unicode):
(hyperref)                removing `\Delta' on input line 505.


Package hyperref Warning: Token not allowed in a PDF string (Unicode):
(hyperref)                removing `subscript' on input line 505.


Package hyperref Warning: Token not allowed in a PDF string (Unicode):
(hyperref)                removing `math shift' on input line 505.

[14] [15] [16] [17] [18] [19] [20] [21] [22] [23] [24] [25] [26] [27]
Overfull \hbox (4.59357pt too wide) in paragraph at lines 1067--1068
\OT1/cmr/m/n/10.95 com-pu-ta-tion-ally and yield the de-sired phys-i-cal be-hav
-ior, in-clud-ing the pre-dicted Beta-to-Exponential
 []

[28] [29] [30] [31]
Overfull \hbox (0.29453pt too wide) in paragraph at lines 1191--1192
\OT1/cmr/m/n/10.95 Timescale anal-y-sis. The cen-tral fea-si-bil-ity ques-tion 
is whether squeez-ing can be main-tained through-
 []

[32] [33] [34] [35] [36] [37] [38]
Overfull \hbox (70.9797pt too wide) in paragraph at lines 1457--1471
 [][] 
 []


Overfull \hbox (7.94827pt too wide) in paragraph at lines 1473--1474
 []\OT1/cmr/bx/n/10.95 Measurement in-de-pen-dence is pre-served.[] \OT1/cmr/m/
n/10.95 In our frame-work, the ap-pa-ra-tus mi-crostate $[]$
 []

[39] [40] [41] [42] [43] [44] [45] [46] [47] [48] [49] [50] [51] [52] [53]
[54] [55] [56] [57] [58] [59] [60]
Overfull \hbox (2.60194pt too wide) in paragraph at lines 2195--2196
[]\OT1/cmr/bx/n/10.95 SingleMeasurement\OT1/cmr/m/n/10.95 : Per-forms de-ter-mi
n-is-tic out-come se-lec-tion for one ap-pa-ra-tus mi-crostate 
 []

[61]
Overfull \hbox (48.64496pt too wide) in paragraph at lines 2255--2263
 []\OT1/cmr/bx/n/10.95 3. Con-ver-gence with Ap-pa-ra-tus Di-men-sion.[] [] 
 []

[62] (draft.bbl [63]) [64] (draft.aux)
 ***********
LaTeX2e <2023-11-01> patch level 1
L3 programming layer <2024-01-04>
 ***********
Package rerunfilecheck Info: File `draft.out' has not changed.
(rerunfilecheck)             Checksum: 68350334FEE3C2EF3AAAB773A17B7C27;29428.
 ) 
Here is how much of TeX's memory you used:
 14017 strings out of 474486
 226758 string characters out of 5737601
 1939542 words of memory out of 5000000
 35648 multiletter control sequences out of 15000+600000
 572867 words of font info for 91 fonts, out of 8000000 for 9000
 1141 hyphenation exceptions out of 8191
 79i,16n,93p,1247b,591s stack positions out of 10000i,1000n,20000p,200000b,200000s
 <C:\Users\Patrick\scoop\apps\miktex\current\texmfs/data\fonts/pk/ljfour/jkna
ppen/ec/dpi600\tcrm1095.pk><C:/Users/Patrick/scoop/apps/miktex/current/texmfs/i
nstall/fonts/type1/public/amsfonts/cm/cmbx10.pfb><C:/Users/Patrick/scoop/apps/m
iktex/current/texmfs/install/fonts/type1/public/amsfonts/cm/cmbx12.pfb><C:/User
s/Patrick/scoop/apps/miktex/current/texmfs/install/fonts/type1/public/amsfonts/
cm/cmbx8.pfb><C:/Users/Patrick/scoop/apps/miktex/current/texmfs/install/fonts/t
ype1/public/amsfonts/cm/cmbxti10.pfb><C:/Users/Patrick/scoop/apps/miktex/curren
t/texmfs/install/fonts/type1/public/amsfonts/cm/cmex10.pfb><C:/Users/Patrick/sc
oop/apps/miktex/current/texmfs/install/fonts/type1/public/amsfonts/cm/cmmi10.pf
b><C:/Users/Patrick/scoop/apps/miktex/current/texmfs/install/fonts/type1/public
/amsfonts/cm/cmmi12.pfb><C:/Users/Patrick/scoop/apps/miktex/current/texmfs/inst
all/fonts/type1/public/amsfonts/cm/cmmi6.pfb><C:/Users/Patrick/scoop/apps/mikte
x/current/texmfs/install/fonts/type1/public/amsfonts/cm/cmmi8.pfb><C:/Users/Pat
rick/scoop/apps/miktex/current/texmfs/install/fonts/type1/public/amsfonts/cm/cm
r10.pfb><C:/Users/Patrick/scoop/apps/miktex/current/texmfs/install/fonts/type1/
public/amsfonts/cm/cmr12.pfb><C:/Users/Patrick/scoop/apps/miktex/current/texmfs
/install/fonts/type1/public/amsfonts/cm/cmr17.pfb><C:/Users/Patrick/scoop/apps/
miktex/current/texmfs/install/fonts/type1/public/amsfonts/cm/cmr6.pfb><C:/Users
/Patrick/scoop/apps/miktex/current/texmfs/install/fonts/type1/public/amsfonts/c
m/cmr7.pfb><C:/Users/Patrick/scoop/apps/miktex/current/texmfs/install/fonts/typ
e1/public/amsfonts/cm/cmr8.pfb><C:/Users/Patrick/scoop/apps/miktex/current/texm
fs/install/fonts/type1/public/amsfonts/cm/cmsy10.pfb><C:/Users/Patrick/scoop/ap
ps/miktex/current/texmfs/install/fonts/type1/public/amsfonts/cm/cmsy6.pfb><C:/U
sers/Patrick/scoop/apps/miktex/current/texmfs/install/fonts/type1/public/amsfon
ts/cm/cmsy7.pfb><C:/Users/Patrick/scoop/apps/miktex/current/texmfs/install/font
s/type1/public/amsfonts/cm/cmsy8.pfb><C:/Users/Patrick/scoop/apps/miktex/curren
t/texmfs/install/fonts/type1/public/amsfonts/cm/cmti10.pfb><C:/Users/Patrick/sc
oop/apps/miktex/current/texmfs/install/fonts/type1/public/amsfonts/cm/cmti8.pfb
><C:/Users/Patrick/scoop/apps/miktex/current/texmfs/install/fonts/type1/public/
amsfonts/cm/cmtt10.pfb><C:/Users/Patrick/scoop/apps/miktex/current/texmfs/insta
ll/fonts/type1/public/amsfonts/symbols/msam10.pfb><C:/Users/Patrick/scoop/apps/
miktex/current/texmfs/install/fonts/type1/public/amsfonts/symbols/msbm10.pfb>
Output written on draft.pdf (64 pages, 666548 bytes).
PDF statistics:
 1360 PDF objects out of 1440 (max. 8388607)
 482 named destinations out of 1000 (max. 500000)
 1057 words of extra memory for PDF output out of 10000 (max. 10000000)

