This is pdfTeX, Version 3.141592653-2.6-1.40.25 (MiKTeX 24.1 Portable) (preloaded format=pdflatex 2025.10.7)  9 DEC 2025 15:16
entering extended mode
 restricted \write18 enabled.
 %&-line parsing enabled.
**./draft.tex
(draft.tex
LaTeX2e <2023-11-01> patch level 1
L3 programming layer <2024-01-04>

(C:\Users\Patrick\scoop\apps\latex\current\texmfs\install\tex/latex/base\articl
e.cls
Document Class: article 2023/05/17 v1.4n Standard LaTeX document class

(C:\Users\Patrick\scoop\apps\latex\current\texmfs\install\tex/latex/base\size11
.clo
File: size11.clo 2023/05/17 v1.4n Standard LaTeX file (size option)
)
\c@part=\count187
\c@section=\count188
\c@subsection=\count189
\c@subsubsection=\count190
\c@paragraph=\count191
\c@subparagraph=\count192
\c@figure=\count193
\c@table=\count194
\abovecaptionskip=\skip48
\belowcaptionskip=\skip49
\bibindent=\dimen140
)
(C:\Users\Patrick\scoop\apps\latex\current\texmfs\install\tex/latex/geometry\ge
ometry.sty
Package: geometry 2020/01/02 v5.9 Page Geometry

(C:\Users\Patrick\scoop\apps\latex\current\texmfs\install\tex/latex/graphics\ke
yval.sty
Package: keyval 2022/05/29 v1.15 key=value parser (DPC)
\KV@toks@=\toks17
)
(C:\Users\Patrick\scoop\apps\latex\current\texmfs\install\tex/generic/iftex\ifv
tex.sty
Package: ifvtex 2019/10/25 v1.7 ifvtex legacy package. Use iftex instead.

(C:\Users\Patrick\scoop\apps\latex\current\texmfs\install\tex/generic/iftex\ift
ex.sty
Package: iftex 2022/02/03 v1.0f TeX engine tests
))
\Gm@cnth=\count195
\Gm@cntv=\count196
\c@Gm@tempcnt=\count197
\Gm@bindingoffset=\dimen141
\Gm@wd@mp=\dimen142
\Gm@odd@mp=\dimen143
\Gm@even@mp=\dimen144
\Gm@layoutwidth=\dimen145
\Gm@layoutheight=\dimen146
\Gm@layouthoffset=\dimen147
\Gm@layoutvoffset=\dimen148
\Gm@dimlist=\toks18

(C:\Users\Patrick\scoop\apps\latex\current\texmfs\install\tex/latex/geometry\ge
ometry.cfg))
(C:\Users\Patrick\scoop\apps\latex\current\texmfs\install\tex/latex/base\inpute
nc.sty
Package: inputenc 2021/02/14 v1.3d Input encoding file
\inpenc@prehook=\toks19
\inpenc@posthook=\toks20
)
(C:\Users\Patrick\scoop\apps\latex\current\texmfs\install\tex/latex/amsmath\ams
math.sty
Package: amsmath 2023/05/13 v2.17o AMS math features
\@mathmargin=\skip50

For additional information on amsmath, use the `?' option.

(C:\Users\Patrick\scoop\apps\latex\current\texmfs\install\tex/latex/amsmath\ams
text.sty
Package: amstext 2021/08/26 v2.01 AMS text

(C:\Users\Patrick\scoop\apps\latex\current\texmfs\install\tex/latex/amsmath\ams
gen.sty
File: amsgen.sty 1999/11/30 v2.0 generic functions
\@emptytoks=\toks21
\ex@=\dimen149
))
(C:\Users\Patrick\scoop\apps\latex\current\texmfs\install\tex/latex/amsmath\ams
bsy.sty
Package: amsbsy 1999/11/29 v1.2d Bold Symbols
\pmbraise@=\dimen150
)
(C:\Users\Patrick\scoop\apps\latex\current\texmfs\install\tex/latex/amsmath\ams
opn.sty
Package: amsopn 2022/04/08 v2.04 operator names
)
\inf@bad=\count198
LaTeX Info: Redefining \frac on input line 234.
\uproot@=\count199
\leftroot@=\count266
LaTeX Info: Redefining \overline on input line 399.
LaTeX Info: Redefining \colon on input line 410.
\classnum@=\count267
\DOTSCASE@=\count268
LaTeX Info: Redefining \ldots on input line 496.
LaTeX Info: Redefining \dots on input line 499.
LaTeX Info: Redefining \cdots on input line 620.
\Mathstrutbox@=\box51
\strutbox@=\box52
LaTeX Info: Redefining \big on input line 722.
LaTeX Info: Redefining \Big on input line 723.
LaTeX Info: Redefining \bigg on input line 724.
LaTeX Info: Redefining \Bigg on input line 725.
\big@size=\dimen151
LaTeX Font Info:    Redeclaring font encoding OML on input line 743.
LaTeX Font Info:    Redeclaring font encoding OMS on input line 744.
\macc@depth=\count269
LaTeX Info: Redefining \bmod on input line 905.
LaTeX Info: Redefining \pmod on input line 910.
LaTeX Info: Redefining \smash on input line 940.
LaTeX Info: Redefining \relbar on input line 970.
LaTeX Info: Redefining \Relbar on input line 971.
\c@MaxMatrixCols=\count270
\dotsspace@=\muskip16
\c@parentequation=\count271
\dspbrk@lvl=\count272
\tag@help=\toks22
\row@=\count273
\column@=\count274
\maxfields@=\count275
\andhelp@=\toks23
\eqnshift@=\dimen152
\alignsep@=\dimen153
\tagshift@=\dimen154
\tagwidth@=\dimen155
\totwidth@=\dimen156
\lineht@=\dimen157
\@envbody=\toks24
\multlinegap=\skip51
\multlinetaggap=\skip52
\mathdisplay@stack=\toks25
LaTeX Info: Redefining \[ on input line 2953.
LaTeX Info: Redefining \] on input line 2954.
)
(C:\Users\Patrick\scoop\apps\latex\current\texmfs\install\tex/latex/amsfonts\am
ssymb.sty
Package: amssymb 2013/01/14 v3.01 AMS font symbols

(C:\Users\Patrick\scoop\apps\latex\current\texmfs\install\tex/latex/amsfonts\am
sfonts.sty
Package: amsfonts 2013/01/14 v3.01 Basic AMSFonts support
\symAMSa=\mathgroup4
\symAMSb=\mathgroup5
LaTeX Font Info:    Redeclaring math symbol \hbar on input line 98.
LaTeX Font Info:    Overwriting math alphabet `\mathfrak' in version `bold'
(Font)                  U/euf/m/n --> U/euf/b/n on input line 106.
))
(C:\Users\Patrick\scoop\apps\latex\current\texmfs\install\tex/latex/amscls\amst
hm.sty
Package: amsthm 2020/05/29 v2.20.6
\thm@style=\toks26
\thm@bodyfont=\toks27
\thm@headfont=\toks28
\thm@notefont=\toks29
\thm@headpunct=\toks30
\thm@preskip=\skip53
\thm@postskip=\skip54
\thm@headsep=\skip55
\dth@everypar=\toks31
)
(C:\Users\Patrick\scoop\apps\latex\current\texmfs\install\tex/latex/physics\phy
sics.sty
Package: physics 

(C:\Users\Patrick\scoop\apps\latex\current\texmfs\install\tex/latex/l3packages/
xparse\xparse.sty
(C:\Users\Patrick\scoop\apps\latex\current\texmfs\install\tex/latex/l3kernel\ex
pl3.sty
Package: expl3 2024-01-04 L3 programming layer (loader) 

(C:\Users\Patrick\scoop\apps\latex\current\texmfs\install\tex/latex/l3backend\l
3backend-pdftex.def
File: l3backend-pdftex.def 2024-01-04 L3 backend support: PDF output (pdfTeX)
\l__color_backend_stack_int=\count276
\l__pdf_internal_box=\box53
))
Package: xparse 2023-10-10 L3 Experimental document command parser
))
(C:\Users\Patrick\scoop\apps\latex\current\texmfs\install\tex/latex/graphics\gr
aphicx.sty
Package: graphicx 2021/09/16 v1.2d Enhanced LaTeX Graphics (DPC,SPQR)

(C:\Users\Patrick\scoop\apps\latex\current\texmfs\install\tex/latex/graphics\gr
aphics.sty
Package: graphics 2022/03/10 v1.4e Standard LaTeX Graphics (DPC,SPQR)

(C:\Users\Patrick\scoop\apps\latex\current\texmfs\install\tex/latex/graphics\tr
ig.sty
Package: trig 2021/08/11 v1.11 sin cos tan (DPC)
)
(C:\Users\Patrick\scoop\apps\latex\current\texmfs\install\tex/latex/graphics-cf
g\graphics.cfg
File: graphics.cfg 2016/06/04 v1.11 sample graphics configuration
)
Package graphics Info: Driver file: pdftex.def on input line 107.

(C:\Users\Patrick\scoop\apps\latex\current\texmfs\install\tex/latex/graphics-de
f\pdftex.def
File: pdftex.def 2022/09/22 v1.2b Graphics/color driver for pdftex
))
\Gin@req@height=\dimen158
\Gin@req@width=\dimen159
)
(C:\Users\Patrick\scoop\apps\latex\current\texmfs\install\tex/latex/hyperref\hy
perref.sty
Package: hyperref 2023-11-26 v7.01g Hypertext links for LaTeX

(C:\Users\Patrick\scoop\apps\latex\current\texmfs\install\tex/generic/infwarerr
\infwarerr.sty
Package: infwarerr 2019/12/03 v1.5 Providing info/warning/error messages (HO)
)
(C:\Users\Patrick\scoop\apps\latex\current\texmfs\install\tex/latex/kvsetkeys\k
vsetkeys.sty
Package: kvsetkeys 2022-10-05 v1.19 Key value parser (HO)
)
(C:\Users\Patrick\scoop\apps\latex\current\texmfs\install\tex/generic/kvdefinek
eys\kvdefinekeys.sty
Package: kvdefinekeys 2019-12-19 v1.6 Define keys (HO)
)
(C:\Users\Patrick\scoop\apps\latex\current\texmfs\install\tex/generic/pdfescape
\pdfescape.sty
Package: pdfescape 2019/12/09 v1.15 Implements pdfTeX's escape features (HO)

(C:\Users\Patrick\scoop\apps\latex\current\texmfs\install\tex/generic/ltxcmds\l
txcmds.sty
Package: ltxcmds 2023-12-04 v1.26 LaTeX kernel commands for general use (HO)
)
(C:\Users\Patrick\scoop\apps\latex\current\texmfs\install\tex/generic/pdftexcmd
s\pdftexcmds.sty
Package: pdftexcmds 2020-06-27 v0.33 Utility functions of pdfTeX for LuaTeX (HO
)
Package pdftexcmds Info: \pdf@primitive is available.
Package pdftexcmds Info: \pdf@ifprimitive is available.
Package pdftexcmds Info: \pdfdraftmode found.
))
(C:\Users\Patrick\scoop\apps\latex\current\texmfs\install\tex/latex/hycolor\hyc
olor.sty
Package: hycolor 2020-01-27 v1.10 Color options for hyperref/bookmark (HO)
)
(C:\Users\Patrick\scoop\apps\latex\current\texmfs\install\tex/latex/letltxmacro
\letltxmacro.sty
Package: letltxmacro 2019/12/03 v1.6 Let assignment for LaTeX macros (HO)
)
(C:\Users\Patrick\scoop\apps\latex\current\texmfs\install\tex/latex/auxhook\aux
hook.sty
Package: auxhook 2019-12-17 v1.6 Hooks for auxiliary files (HO)
)
(C:\Users\Patrick\scoop\apps\latex\current\texmfs\install\tex/latex/hyperref\na
meref.sty
Package: nameref 2023-11-26 v2.56 Cross-referencing by name of section

(C:\Users\Patrick\scoop\apps\latex\current\texmfs\install\tex/latex/refcount\re
fcount.sty
Package: refcount 2019/12/15 v3.6 Data extraction from label references (HO)
)
(C:\Users\Patrick\scoop\apps\latex\current\texmfs\install\tex/generic/gettitles
tring\gettitlestring.sty
Package: gettitlestring 2019/12/15 v1.6 Cleanup title references (HO)

(C:\Users\Patrick\scoop\apps\latex\current\texmfs\install\tex/latex/kvoptions\k
voptions.sty
Package: kvoptions 2022-06-15 v3.15 Key value format for package options (HO)
))
\c@section@level=\count277
)
(C:\Users\Patrick\scoop\apps\latex\current\texmfs\install\tex/latex/etoolbox\et
oolbox.sty
Package: etoolbox 2020/10/05 v2.5k e-TeX tools for LaTeX (JAW)
\etb@tempcnta=\count278
)
\@linkdim=\dimen160
\Hy@linkcounter=\count279
\Hy@pagecounter=\count280

(C:\Users\Patrick\scoop\apps\latex\current\texmfs\install\tex/latex/hyperref\pd
1enc.def
File: pd1enc.def 2023-11-26 v7.01g Hyperref: PDFDocEncoding definition (HO)
Now handling font encoding PD1 ...
... no UTF-8 mapping file for font encoding PD1
)
(C:\Users\Patrick\scoop\apps\latex\current\texmfs\install\tex/generic/intcalc\i
ntcalc.sty
Package: intcalc 2019/12/15 v1.3 Expandable calculations with integers (HO)
)
\Hy@SavedSpaceFactor=\count281

(C:\Users\Patrick\scoop\apps\latex\current\texmfs\install\tex/latex/hyperref\pu
enc.def
File: puenc.def 2023-11-26 v7.01g Hyperref: PDF Unicode definition (HO)
Now handling font encoding PU ...
... no UTF-8 mapping file for font encoding PU
)
Package hyperref Info: Option `colorlinks' set `false' on input line 4064.
Package hyperref Info: Hyper figures OFF on input line 4181.
Package hyperref Info: Link nesting OFF on input line 4186.
Package hyperref Info: Hyper index ON on input line 4189.
Package hyperref Info: Plain pages OFF on input line 4196.
Package hyperref Info: Backreferencing OFF on input line 4201.
Package hyperref Info: Implicit mode ON; LaTeX internals redefined.
Package hyperref Info: Bookmarks ON on input line 4448.
\c@Hy@tempcnt=\count282

(C:\Users\Patrick\scoop\apps\latex\current\texmfs\install\tex/latex/url\url.sty
\Urlmuskip=\muskip17
Package: url 2013/09/16  ver 3.4  Verb mode for urls, etc.
)
LaTeX Info: Redefining \url on input line 4786.
\XeTeXLinkMargin=\dimen161

(C:\Users\Patrick\scoop\apps\latex\current\texmfs\install\tex/generic/bitset\bi
tset.sty
Package: bitset 2019/12/09 v1.3 Handle bit-vector datatype (HO)

(C:\Users\Patrick\scoop\apps\latex\current\texmfs\install\tex/generic/bigintcal
c\bigintcalc.sty
Package: bigintcalc 2019/12/15 v1.5 Expandable calculations on big integers (HO
)
))
\Fld@menulength=\count283
\Field@Width=\dimen162
\Fld@charsize=\dimen163
Package hyperref Info: Hyper figures OFF on input line 6065.
Package hyperref Info: Link nesting OFF on input line 6070.
Package hyperref Info: Hyper index ON on input line 6073.
Package hyperref Info: backreferencing OFF on input line 6080.
Package hyperref Info: Link coloring OFF on input line 6085.
Package hyperref Info: Link coloring with OCG OFF on input line 6090.
Package hyperref Info: PDF/A mode OFF on input line 6095.

(C:\Users\Patrick\scoop\apps\latex\current\texmfs\install\tex/latex/base\atbegs
hi-ltx.sty
Package: atbegshi-ltx 2021/01/10 v1.0c Emulation of the original atbegshi
package with kernel methods
)
\Hy@abspage=\count284
\c@Item=\count285
\c@Hfootnote=\count286
)
Package hyperref Info: Driver (autodetected): hpdftex.

(C:\Users\Patrick\scoop\apps\latex\current\texmfs\install\tex/latex/hyperref\hp
dftex.def
File: hpdftex.def 2023-11-26 v7.01g Hyperref driver for pdfTeX

(C:\Users\Patrick\scoop\apps\latex\current\texmfs\install\tex/latex/base\atvery
end-ltx.sty
Package: atveryend-ltx 2020/08/19 v1.0a Emulation of the original atveryend pac
kage
with kernel methods
)
\Fld@listcount=\count287
\c@bookmark@seq@number=\count288

(C:\Users\Patrick\scoop\apps\latex\current\texmfs\install\tex/latex/rerunfilech
eck\rerunfilecheck.sty
Package: rerunfilecheck 2025-06-21 v1.11 Rerun checks for auxiliary files (HO)

(C:\Users\Patrick\scoop\apps\latex\current\texmfs\install\tex/generic/uniquecou
nter\uniquecounter.sty
Package: uniquecounter 2019/12/15 v1.4 Provide unlimited unique counter (HO)
)
Package uniquecounter Info: New unique counter `rerunfilecheck' on input line 2
84.
)
\Hy@SectionHShift=\skip56
)
(C:\Users\Patrick\scoop\apps\latex\current\texmfs\install\tex/latex/cleveref\cl
everef.sty
Package: cleveref 2018/03/27 v0.21.4 Intelligent cross-referencing
Package cleveref Info: `hyperref' support loaded on input line 2370.
LaTeX Info: Redefining \cref on input line 2370.
LaTeX Info: Redefining \Cref on input line 2370.
LaTeX Info: Redefining \crefrange on input line 2370.
LaTeX Info: Redefining \Crefrange on input line 2370.
LaTeX Info: Redefining \cpageref on input line 2370.
LaTeX Info: Redefining \Cpageref on input line 2370.
LaTeX Info: Redefining \cpagerefrange on input line 2370.
LaTeX Info: Redefining \Cpagerefrange on input line 2370.
LaTeX Info: Redefining \labelcref on input line 2370.
LaTeX Info: Redefining \labelcpageref on input line 2370.
Package cleveref Info: `amsthm' support loaded on input line 3026.
)
(C:\Users\Patrick\scoop\apps\latex\current\texmfs\install\tex/latex/booktabs\bo
oktabs.sty
Package: booktabs 2020/01/12 v1.61803398 Publication quality tables
\heavyrulewidth=\dimen164
\lightrulewidth=\dimen165
\cmidrulewidth=\dimen166
\belowrulesep=\dimen167
\belowbottomsep=\dimen168
\aboverulesep=\dimen169
\abovetopsep=\dimen170
\cmidrulesep=\dimen171
\cmidrulekern=\dimen172
\defaultaddspace=\dimen173
\@cmidla=\count289
\@cmidlb=\count290
\@aboverulesep=\dimen174
\@belowrulesep=\dimen175
\@thisruleclass=\count291
\@lastruleclass=\count292
\@thisrulewidth=\dimen176
)
(C:\Users\Patrick\scoop\apps\latex\current\texmfs\install\tex/latex/xcolor\xcol
or.sty
Package: xcolor 2023/11/15 v3.01 LaTeX color extensions (UK)

(C:\Users\Patrick\scoop\apps\latex\current\texmfs\install\tex/latex/graphics-cf
g\color.cfg
File: color.cfg 2016/01/02 v1.6 sample color configuration
)
Package xcolor Info: Driver file: pdftex.def on input line 274.

(C:\Users\Patrick\scoop\apps\latex\current\texmfs\install\tex/latex/graphics\ma
thcolor.ltx)
Package xcolor Info: Model `cmy' substituted by `cmy0' on input line 1350.
Package xcolor Info: Model `hsb' substituted by `rgb' on input line 1354.
Package xcolor Info: Model `RGB' extended on input line 1366.
Package xcolor Info: Model `HTML' substituted by `rgb' on input line 1368.
Package xcolor Info: Model `Hsb' substituted by `hsb' on input line 1369.
Package xcolor Info: Model `tHsb' substituted by `hsb' on input line 1370.
Package xcolor Info: Model `HSB' substituted by `hsb' on input line 1371.
Package xcolor Info: Model `Gray' substituted by `gray' on input line 1372.
Package xcolor Info: Model `wave' substituted by `hsb' on input line 1373.
)
(C:\Users\Patrick\scoop\apps\latex\current\texmfs\install\tex/latex/colortbl\co
lortbl.sty
Package: colortbl 2024/10/29 v1.0k Color table columns (DPC)

(C:\Users\Patrick\scoop\apps\latex\current\texmfs\install\tex/latex/tools\array
.sty
Package: array 2023/10/16 v2.5g Tabular extension package (FMi)
\col@sep=\dimen177
\ar@mcellbox=\box54
\extrarowheight=\dimen178
\NC@list=\toks32
\extratabsurround=\skip57
\backup@length=\skip58
\ar@cellbox=\box55
)
\everycr=\toks33
\minrowclearance=\skip59
\rownum=\count293
)
\c@theorem=\count294
 (c:\Users\Patrick\physics\paper\draft.aux)
\openout1 = `draft.aux'.

LaTeX Font Info:    Checking defaults for OML/cmm/m/it on input line 31.
LaTeX Font Info:    ... okay on input line 31.
LaTeX Font Info:    Checking defaults for OMS/cmsy/m/n on input line 31.
LaTeX Font Info:    ... okay on input line 31.
LaTeX Font Info:    Checking defaults for OT1/cmr/m/n on input line 31.
LaTeX Font Info:    ... okay on input line 31.
LaTeX Font Info:    Checking defaults for T1/cmr/m/n on input line 31.
LaTeX Font Info:    ... okay on input line 31.
LaTeX Font Info:    Checking defaults for TS1/cmr/m/n on input line 31.
LaTeX Font Info:    ... okay on input line 31.
LaTeX Font Info:    Checking defaults for OMX/cmex/m/n on input line 31.
LaTeX Font Info:    ... okay on input line 31.
LaTeX Font Info:    Checking defaults for U/cmr/m/n on input line 31.
LaTeX Font Info:    ... okay on input line 31.
LaTeX Font Info:    Checking defaults for PD1/pdf/m/n on input line 31.
LaTeX Font Info:    ... okay on input line 31.
LaTeX Font Info:    Checking defaults for PU/pdf/m/n on input line 31.
LaTeX Font Info:    ... okay on input line 31.

*geometry* driver: auto-detecting
*geometry* detected driver: pdftex
*geometry* verbose mode - [ preamble ] result:
* driver: pdftex
* paper: <default>
* layout: <same size as paper>
* layoutoffset:(h,v)=(0.0pt,0.0pt)
* modes: 
* h-part:(L,W,R)=(72.26999pt, 469.75502pt, 72.26999pt)
* v-part:(T,H,B)=(72.26999pt, 650.43001pt, 72.26999pt)
* \paperwidth=614.295pt
* \paperheight=794.96999pt
* \textwidth=469.75502pt
* \textheight=650.43001pt
* \oddsidemargin=0.0pt
* \evensidemargin=0.0pt
* \topmargin=-37.0pt
* \headheight=12.0pt
* \headsep=25.0pt
* \topskip=11.0pt
* \footskip=30.0pt
* \marginparwidth=59.0pt
* \marginparsep=10.0pt
* \columnsep=10.0pt
* \skip\footins=10.0pt plus 4.0pt minus 2.0pt
* \hoffset=0.0pt
* \voffset=0.0pt
* \mag=1000
* \@twocolumnfalse
* \@twosidefalse
* \@mparswitchfalse
* \@reversemarginfalse
* (1in=72.27pt=25.4mm, 1cm=28.453pt)


(C:\Users\Patrick\scoop\apps\latex\current\texmfs\install\tex/context/base/mkii
\supp-pdf.mkii
[Loading MPS to PDF converter (version 2006.09.02).]
\scratchcounter=\count295
\scratchdimen=\dimen179
\scratchbox=\box56
\nofMPsegments=\count296
\nofMParguments=\count297
\everyMPshowfont=\toks34
\MPscratchCnt=\count298
\MPscratchDim=\dimen180
\MPnumerator=\count299
\makeMPintoPDFobject=\count300
\everyMPtoPDFconversion=\toks35
)
(C:\Users\Patrick\scoop\apps\latex\current\texmfs\install\tex/latex/epstopdf-pk
g\epstopdf-base.sty
Package: epstopdf-base 2020-01-24 v2.11 Base part for package epstopdf
Package epstopdf-base Info: Redefining graphics rule for `.eps' on input line 4
85.

(C:\Users\Patrick\scoop\apps\latex\current\texmfs\install\tex/latex/00miktex\ep
stopdf-sys.cfg
File: epstopdf-sys.cfg 2021/03/18 v2.0 Configuration of epstopdf for MiKTeX
))
Package hyperref Info: Link coloring OFF on input line 31.
 (c:\Users\Patrick\physics\paper\draft.out)
(c:\Users\Patrick\physics\paper\draft.out)
\@outlinefile=\write3
\openout3 = `draft.out'.

LaTeX Font Info:    Trying to load font information for U+msa on input line 33.


(C:\Users\Patrick\scoop\apps\latex\current\texmfs\install\tex/latex/amsfonts\um
sa.fd
File: umsa.fd 2013/01/14 v3.01 AMS symbols A
)
LaTeX Font Info:    Trying to load font information for U+msb on input line 33.


(C:\Users\Patrick\scoop\apps\latex\current\texmfs\install\tex/latex/amsfonts\um
sb.fd
File: umsb.fd 2013/01/14 v3.01 AMS symbols B
) [1

{C:/Users/Patrick/scoop/apps/latex/current/texmfs/data/fonts/map/pdftex/pdftex.
map}] [2]
Overfull \hbox (7.84514pt too wide) in paragraph at lines 89--90
[]\OT1/cmr/m/n/10.95 We es-tab-lish an im-pos-si-bil-ity re-sult: Any the-ory t
hat is De-ter-min-is-tic, Measurement-Independent,
 []

[3]
Overfull \hbox (2.98146pt too wide) in paragraph at lines 116--117
\OT1/cmr/m/n/10.95 This pa-per pro-vides a com-plete math-e-mat-i-cal for-mal-i
sm for this the-ory of De-ter-min-is-tic Information-
 []

[4]

Package hyperref Warning: Token not allowed in a PDF string (Unicode):
(hyperref)                removing `math shift' on input line 167.


Package hyperref Warning: Token not allowed in a PDF string (Unicode):
(hyperref)                removing `\psi' on input line 167.


Package hyperref Warning: Token not allowed in a PDF string (Unicode):
(hyperref)                removing `math shift' on input line 167.

[5]
Overfull \hbox (9.1199pt too wide) in paragraph at lines 182--195
 [][] 
 []

[6]
Overfull \hbox (23.98949pt too wide) in paragraph at lines 227--228
[]\OT1/cmr/m/n/10.95 Signal-to-Noise Ra-tio (SNR): The ap-pa-ra-tus max-i-mizes
 $\OML/cmm/m/it/10.95 SNR \OT1/cmr/m/n/10.95 = [] \OMS/cmsy/m/n/10.95 ^^Y []$\O
T1/cmr/m/n/10.95 .
 []

[7]
Overfull \hbox (7.38889pt too wide) in paragraph at lines 242--243
[]\OT1/cmr/m/n/10.95 where the col-lapse func-tional de-pends strictly on the l
o-cal re-duced den-sity ma-trix $\OML/cmm/m/it/10.95 ^^Z[] \OT1/cmr/m/n/10.95 =
 [][](\OML/cmm/m/it/10.95 ^^Z\OT1/cmr/m/n/10.95 )$: 
 []

[8] [9] [10] [11]
Overfull \hbox (2.67865pt too wide) in paragraph at lines 381--382
\OT1/cmr/m/n/10.95 branches. Con-sider a Stern-Gerlach mea-sure-ment where the 
sys-tem Hamil-to-nian is $[] = \OMS/cmsy/m/n/10.95 ^^@\OML/cmm/m/it/10.95 ^^V^^
[[]B\OT1/cmr/m/n/10.95 (\OML/cmm/m/it/10.95 z\OT1/cmr/m/n/10.95 )$.
 []

[12]

Package hyperref Warning: Token not allowed in a PDF string (Unicode):
(hyperref)                removing `math shift' on input line 425.


Package hyperref Warning: Token not allowed in a PDF string (Unicode):
(hyperref)                removing `\Delta' on input line 425.


Package hyperref Warning: Token not allowed in a PDF string (Unicode):
(hyperref)                removing `subscript' on input line 425.


Package hyperref Warning: Token not allowed in a PDF string (Unicode):
(hyperref)                removing `math shift' on input line 425.

[13] [14] [15] [16] [17] [18] [19] [20] [21] [22] [23] [24] [25]
Overfull \hbox (4.59357pt too wide) in paragraph at lines 958--959
\OT1/cmr/m/n/10.95 com-pu-ta-tion-ally and yield the de-sired phys-i-cal be-hav
-ior, in-clud-ing the pre-dicted Beta-to-Exponential
 []

[26] [27] [28] [29]
Overfull \hbox (12.07693pt too wide) in paragraph at lines 1071--1072
 []\OT1/cmr/bx/n/10.95 Comparison:[] \OT1/cmr/m/n/10.95 Al-ter-nate be-tween sq
ueezed-apparatus tri-als and thermal-apparatus tri-als (no squeez-
 []

[30] [31] [32]
Overfull \hbox (1.89972pt too wide) in paragraph at lines 1167--1168
[]\OT1/cmr/bx/n/10.95 Distinguishing from clas-si-cal noise re-duc-tion\OT1/cmr
/m/n/10.95 : Con-trol ex-per-i-ment ap-plies anti-squeezing
 []

[33] [34] [35] [36]
Overfull \hbox (70.9797pt too wide) in paragraph at lines 1323--1337
 [][] 
 []


Overfull \hbox (7.94827pt too wide) in paragraph at lines 1339--1340
 []\OT1/cmr/bx/n/10.95 Measurement in-de-pen-dence is pre-served.[] \OT1/cmr/m/
n/10.95 In our frame-work, the ap-pa-ra-tus mi-crostate $[]$
 []

[37] [38] [39] [40] [41] [42] [43] [44] [45] [46] [47] [48] [49] [50] [51]
[52] [53] [54] [55] [56] [57]
Overfull \hbox (2.60194pt too wide) in paragraph at lines 2032--2033
[]\OT1/cmr/bx/n/10.95 SingleMeasurement\OT1/cmr/m/n/10.95 : Per-forms de-ter-mi
n-is-tic out-come se-lec-tion for one ap-pa-ra-tus mi-crostate 
 []

[58]
Overfull \hbox (48.64496pt too wide) in paragraph at lines 2092--2100
 []\OT1/cmr/bx/n/10.95 3. Con-ver-gence with Ap-pa-ra-tus Di-men-sion.[] [] 
 []

[59] (c:\Users\Patrick\physics\paper\draft.bbl [60]) [61]
(c:\Users\Patrick\physics\paper\draft.aux)
 ***********
LaTeX2e <2023-11-01> patch level 1
L3 programming layer <2024-01-04>
 ***********
Package rerunfilecheck Info: File `draft.out' has not changed.
(rerunfilecheck)             Checksum: 2F1930639BAE7310BDD2A3A86E098010;27340.
 ) 
Here is how much of TeX's memory you used:
 13973 strings out of 474486
 226092 string characters out of 5738073
 1939542 words of memory out of 5000000
 35629 multiletter control sequences out of 15000+600000
 572190 words of font info for 89 fonts, out of 8000000 for 9000
 1141 hyphenation exceptions out of 8191
 79i,14n,93p,1274b,591s stack positions out of 10000i,1000n,20000p,200000b,200000s
 <C:\Users\Patrick\scoop\apps\latex\current\texmfs/data\fonts/pk/ljfour/jknap
pen/ec/dpi600\tcrm1095.pk><C:/Users/Patrick/scoop/apps/latex/current/texmfs/ins
tall/fonts/type1/public/amsfonts/cm/cmbx10.pfb><C:/Users/Patrick/scoop/apps/lat
ex/current/texmfs/install/fonts/type1/public/amsfonts/cm/cmbx12.pfb><C:/Users/P
atrick/scoop/apps/latex/current/texmfs/install/fonts/type1/public/amsfonts/cm/c
mbx8.pfb><C:/Users/Patrick/scoop/apps/latex/current/texmfs/install/fonts/type1/
public/amsfonts/cm/cmbxti10.pfb><C:/Users/Patrick/scoop/apps/latex/current/texm
fs/install/fonts/type1/public/amsfonts/cm/cmex10.pfb><C:/Users/Patrick/scoop/ap
ps/latex/current/texmfs/install/fonts/type1/public/amsfonts/cm/cmmi10.pfb><C:/U
sers/Patrick/scoop/apps/latex/current/texmfs/install/fonts/type1/public/amsfont
s/cm/cmmi12.pfb><C:/Users/Patrick/scoop/apps/latex/current/texmfs/install/fonts
/type1/public/amsfonts/cm/cmmi6.pfb><C:/Users/Patrick/scoop/apps/latex/current/
texmfs/install/fonts/type1/public/amsfonts/cm/cmmi7.pfb><C:/Users/Patrick/scoop
/apps/latex/current/texmfs/install/fonts/type1/public/amsfonts/cm/cmmi8.pfb><C:
/Users/Patrick/scoop/apps/latex/current/texmfs/install/fonts/type1/public/amsfo
nts/cm/cmr10.pfb><C:/Users/Patrick/scoop/apps/latex/current/texmfs/install/font
s/type1/public/amsfonts/cm/cmr12.pfb><C:/Users/Patrick/scoop/apps/latex/current
/texmfs/install/fonts/type1/public/amsfonts/cm/cmr17.pfb><C:/Users/Patrick/scoo
p/apps/latex/current/texmfs/install/fonts/type1/public/amsfonts/cm/cmr5.pfb><C:
/Users/Patrick/scoop/apps/latex/current/texmfs/install/fonts/type1/public/amsfo
nts/cm/cmr6.pfb><C:/Users/Patrick/scoop/apps/latex/current/texmfs/install/fonts
/type1/public/amsfonts/cm/cmr7.pfb><C:/Users/Patrick/scoop/apps/latex/current/t
exmfs/install/fonts/type1/public/amsfonts/cm/cmr8.pfb><C:/Users/Patrick/scoop/a
pps/latex/current/texmfs/install/fonts/type1/public/amsfonts/cm/cmsy10.pfb><C:/
Users/Patrick/scoop/apps/latex/current/texmfs/install/fonts/type1/public/amsfon
ts/cm/cmsy6.pfb><C:/Users/Patrick/scoop/apps/latex/current/texmfs/install/fonts
/type1/public/amsfonts/cm/cmsy7.pfb><C:/Users/Patrick/scoop/apps/latex/current/
texmfs/install/fonts/type1/public/amsfonts/cm/cmsy8.pfb><C:/Users/Patrick/scoop
/apps/latex/current/texmfs/install/fonts/type1/public/amsfonts/cm/cmti10.pfb><C
:/Users/Patrick/scoop/apps/latex/current/texmfs/install/fonts/type1/public/amsf
onts/cm/cmtt10.pfb><C:/Users/Patrick/scoop/apps/latex/current/texmfs/install/fo
nts/type1/public/amsfonts/symbols/msam10.pfb><C:/Users/Patrick/scoop/apps/latex
/current/texmfs/install/fonts/type1/public/amsfonts/symbols/msbm10.pfb>
Output written on c:\Users\Patrick\physics\draft.pdf (61 pages, 662862 bytes).
PDF statistics:
 1295 PDF objects out of 1440 (max. 8388607)
 458 named destinations out of 1000 (max. 500000)
 969 words of extra memory for PDF output out of 10000 (max. 10000000)

